<?xml version="1.0" encoding="UTF-8"?>
<testsuite name="com.epam.esm.service.imp.UserServiceImplTest" tests="6" skipped="0" failures="0" errors="0" timestamp="2021-08-02T14:08:04" hostname="DESKTOP-59TO9CR" time="0.862">
  <properties/>
  <testcase name="createUserPositiveTest()" classname="com.epam.esm.service.imp.UserServiceImplTest" time="0.798"/>
  <testcase name="findUserByIdThrowResourceNotFoundExceptionTest()" classname="com.epam.esm.service.imp.UserServiceImplTest" time="0.013"/>
  <testcase name="findUserByIdPositiveTest()" classname="com.epam.esm.service.imp.UserServiceImplTest" time="0.01"/>
  <testcase name="createUserThrowIncorrectParameterValueExceptionTest()" classname="com.epam.esm.service.imp.UserServiceImplTest" time="0.01"/>
  <testcase name="findUserByIdThrowIncorrectParameterValueExceptionTest()" classname="com.epam.esm.service.imp.UserServiceImplTest" time="0.01"/>
  <testcase name="findAllUsersPositiveTest()" classname="com.epam.esm.service.imp.UserServiceImplTest" time="0.011"/>
  <system-out><![CDATA[2021-08-02 17:08:02.074  INFO 9884 --- [    Test worker] .b.t.c.SpringBootTestContextBootstrapper : Neither @ContextConfiguration nor @ContextHierarchy found for test class [com.epam.esm.service.imp.UserServiceImplTest], using SpringBootContextLoader
2021-08-02 17:08:02.076  INFO 9884 --- [    Test worker] o.s.t.c.support.AbstractContextLoader    : Could not detect default resource locations for test class [com.epam.esm.service.imp.UserServiceImplTest]: no resource found for suffixes {-context.xml, Context.groovy}.
2021-08-02 17:08:02.083  INFO 9884 --- [    Test worker] .b.t.c.SpringBootTestContextBootstrapper : Loaded default TestExecutionListener class names from location [META-INF/spring.factories]: [org.springframework.boot.test.autoconfigure.restdocs.RestDocsTestExecutionListener, org.springframework.boot.test.autoconfigure.web.client.MockRestServiceServerResetTestExecutionListener, org.springframework.boot.test.autoconfigure.web.servlet.MockMvcPrintOnlyOnFailureTestExecutionListener, org.springframework.boot.test.autoconfigure.web.servlet.WebDriverTestExecutionListener, org.springframework.boot.test.autoconfigure.webservices.client.MockWebServiceServerTestExecutionListener, org.springframework.boot.test.mock.mockito.MockitoTestExecutionListener, org.springframework.boot.test.mock.mockito.ResetMocksTestExecutionListener, org.springframework.test.context.web.ServletTestExecutionListener, org.springframework.test.context.support.DirtiesContextBeforeModesTestExecutionListener, org.springframework.test.context.event.ApplicationEventsTestExecutionListener, org.springframework.test.context.support.DependencyInjectionTestExecutionListener, org.springframework.test.context.support.DirtiesContextTestExecutionListener, org.springframework.test.context.transaction.TransactionalTestExecutionListener, org.springframework.test.context.jdbc.SqlScriptsTestExecutionListener, org.springframework.test.context.event.EventPublishingTestExecutionListener]
2021-08-02 17:08:02.085  INFO 9884 --- [    Test worker] .b.t.c.SpringBootTestContextBootstrapper : Using TestExecutionListeners: [org.springframework.test.context.web.ServletTestExecutionListener@4e9db5cc, org.springframework.test.context.support.DirtiesContextBeforeModesTestExecutionListener@3b4cf208, org.springframework.test.context.event.ApplicationEventsTestExecutionListener@9207179, org.springframework.boot.test.mock.mockito.MockitoTestExecutionListener@7973df44, org.springframework.boot.test.autoconfigure.SpringBootDependencyInjectionTestExecutionListener@5ae33673, org.springframework.test.context.support.DirtiesContextTestExecutionListener@6e34395, org.springframework.test.context.transaction.TransactionalTestExecutionListener@c425189, org.springframework.test.context.jdbc.SqlScriptsTestExecutionListener@6b2c26ba, org.springframework.test.context.event.EventPublishingTestExecutionListener@28bfc502, org.springframework.boot.test.autoconfigure.restdocs.RestDocsTestExecutionListener@345cd46b, org.springframework.boot.test.autoconfigure.web.client.MockRestServiceServerResetTestExecutionListener@2a8c0570, org.springframework.boot.test.autoconfigure.web.servlet.MockMvcPrintOnlyOnFailureTestExecutionListener@201fef6d, org.springframework.boot.test.autoconfigure.web.servlet.WebDriverTestExecutionListener@765eb9b9, org.springframework.boot.test.autoconfigure.webservices.client.MockWebServiceServerTestExecutionListener@2473c495, org.springframework.boot.test.mock.mockito.ResetMocksTestExecutionListener@6e9ef2ee]

  .   ____          _            __ _ _
 /\\ / ___'_ __ _ _(_)_ __  __ _ \ \ \ \
( ( )\___ | '_ | '_| | '_ \/ _` | \ \ \ \
 \\/  ___)| |_)| | | | | || (_| |  ) ) ) )
  '  |____| .__|_| |_|_| |_\__, | / / / /
 =========|_|==============|___/=/_/_/_/
 :: Spring Boot ::                (v2.5.1)

2021-08-02 17:08:02.133  INFO 9884 --- [    Test worker] c.e.esm.service.imp.UserServiceImplTest  : Starting UserServiceImplTest using Java 11.0.12 on DESKTOP-59TO9CR with PID 9884 (started by HP in E:\JAVA\Workspace\MJC-School\gift-certificates-system\service)
2021-08-02 17:08:02.135  INFO 9884 --- [    Test worker] c.e.esm.service.imp.UserServiceImplTest  : No active profile set, falling back to default profiles: default
2021-08-02 17:08:02.594  INFO 9884 --- [    Test worker] .s.d.r.c.RepositoryConfigurationDelegate : Bootstrapping Spring Data JPA repositories in DEFAULT mode.
2021-08-02 17:08:02.597  INFO 9884 --- [    Test worker] .s.d.r.c.RepositoryConfigurationDelegate : Finished Spring Data repository scanning in 2 ms. Found 0 JPA repository interfaces.
2021-08-02 17:08:02.866  INFO 9884 --- [    Test worker] com.zaxxer.hikari.HikariDataSource       : HikariPool-5 - Starting...
2021-08-02 17:08:02.870  INFO 9884 --- [    Test worker] com.zaxxer.hikari.HikariDataSource       : HikariPool-5 - Start completed.
2021-08-02 17:08:02.943  INFO 9884 --- [    Test worker] o.hibernate.jpa.internal.util.LogHelper  : HHH000204: Processing PersistenceUnitInfo [name: default]
2021-08-02 17:08:02.958  INFO 9884 --- [    Test worker] org.hibernate.dialect.Dialect            : HHH000400: Using dialect: org.hibernate.dialect.H2Dialect
2021-08-02 17:08:02.982  INFO 9884 --- [    Test worker] o.h.e.t.j.p.i.JtaPlatformInitiator       : HHH000490: Using JtaPlatform implementation: [org.hibernate.engine.transaction.jta.platform.internal.NoJtaPlatform]
2021-08-02 17:08:02.984  INFO 9884 --- [    Test worker] j.LocalContainerEntityManagerFactoryBean : Initialized JPA EntityManagerFactory for persistence unit 'default'
2021-08-02 17:08:03.276  WARN 9884 --- [    Test worker] JpaBaseConfiguration$JpaWebConfiguration : spring.jpa.open-in-view is enabled by default. Therefore, database queries may be performed during view rendering. Explicitly configure spring.jpa.open-in-view to disable this warning
2021-08-02 17:08:04.658  INFO 9884 --- [    Test worker] o.s.s.web.DefaultSecurityFilterChain     : Will secure any request with [org.springframework.security.web.context.request.async.WebAsyncManagerIntegrationFilter@ddba483, org.springframework.security.web.context.SecurityContextPersistenceFilter@7eb6840, org.springframework.security.web.header.HeaderWriterFilter@35ab34af, org.springframework.security.web.csrf.CsrfFilter@5fc05eff, org.springframework.security.web.authentication.logout.LogoutFilter@21e19ecd, org.springframework.security.web.authentication.UsernamePasswordAuthenticationFilter@779249c6, org.springframework.security.web.authentication.ui.DefaultLoginPageGeneratingFilter@6022f644, org.springframework.security.web.authentication.ui.DefaultLogoutPageGeneratingFilter@77abcac, org.springframework.security.web.authentication.www.BasicAuthenticationFilter@4ac951fc, org.springframework.security.web.savedrequest.RequestCacheAwareFilter@44b0a64b, org.springframework.security.web.servletapi.SecurityContextHolderAwareRequestFilter@2852fc3e, org.springframework.security.web.authentication.AnonymousAuthenticationFilter@62c309fc, org.springframework.security.web.session.SessionManagementFilter@5a01f259, org.springframework.security.web.access.ExceptionTranslationFilter@9294630, org.springframework.security.web.access.intercept.FilterSecurityInterceptor@5a3a1236]
2021-08-02 17:08:04.794  INFO 9884 --- [    Test worker] c.e.esm.service.imp.UserServiceImplTest  : Started UserServiceImplTest in 2.705 seconds (JVM running for 30.22)
]]></system-out>
  <system-err><![CDATA[]]></system-err>
</testsuite>
