<?xml version="1.0" encoding="UTF-8"?>
<testsuite name="com.epam.esm.service.imp.UserDetailsServiceImplTest" tests="2" skipped="0" failures="0" errors="0" timestamp="2021-08-02T14:08:02" hostname="DESKTOP-59TO9CR" time="0.036">
  <properties/>
  <testcase name="loadUserByUsernamePositiveTest()" classname="com.epam.esm.service.imp.UserDetailsServiceImplTest" time="0.023"/>
  <testcase name="loadUserByUsernameThrowUsernameNotFoundExceptionTest()" classname="com.epam.esm.service.imp.UserDetailsServiceImplTest" time="0.012"/>
  <system-out><![CDATA[2021-08-02 17:07:59.237  INFO 9884 --- [    Test worker] .b.t.c.SpringBootTestContextBootstrapper : Neither @ContextConfiguration nor @ContextHierarchy found for test class [com.epam.esm.service.imp.UserDetailsServiceImplTest], using SpringBootContextLoader
2021-08-02 17:07:59.239  INFO 9884 --- [    Test worker] o.s.t.c.support.AbstractContextLoader    : Could not detect default resource locations for test class [com.epam.esm.service.imp.UserDetailsServiceImplTest]: no resource found for suffixes {-context.xml, Context.groovy}.
2021-08-02 17:07:59.248  INFO 9884 --- [    Test worker] .b.t.c.SpringBootTestContextBootstrapper : Loaded default TestExecutionListener class names from location [META-INF/spring.factories]: [org.springframework.boot.test.autoconfigure.restdocs.RestDocsTestExecutionListener, org.springframework.boot.test.autoconfigure.web.client.MockRestServiceServerResetTestExecutionListener, org.springframework.boot.test.autoconfigure.web.servlet.MockMvcPrintOnlyOnFailureTestExecutionListener, org.springframework.boot.test.autoconfigure.web.servlet.WebDriverTestExecutionListener, org.springframework.boot.test.autoconfigure.webservices.client.MockWebServiceServerTestExecutionListener, org.springframework.boot.test.mock.mockito.MockitoTestExecutionListener, org.springframework.boot.test.mock.mockito.ResetMocksTestExecutionListener, org.springframework.test.context.web.ServletTestExecutionListener, org.springframework.test.context.support.DirtiesContextBeforeModesTestExecutionListener, org.springframework.test.context.event.ApplicationEventsTestExecutionListener, org.springframework.test.context.support.DependencyInjectionTestExecutionListener, org.springframework.test.context.support.DirtiesContextTestExecutionListener, org.springframework.test.context.transaction.TransactionalTestExecutionListener, org.springframework.test.context.jdbc.SqlScriptsTestExecutionListener, org.springframework.test.context.event.EventPublishingTestExecutionListener]
2021-08-02 17:07:59.250  INFO 9884 --- [    Test worker] .b.t.c.SpringBootTestContextBootstrapper : Using TestExecutionListeners: [org.springframework.test.context.web.ServletTestExecutionListener@718725c7, org.springframework.test.context.support.DirtiesContextBeforeModesTestExecutionListener@13572866, org.springframework.test.context.event.ApplicationEventsTestExecutionListener@30da7874, org.springframework.boot.test.mock.mockito.MockitoTestExecutionListener@3ebe3d17, org.springframework.boot.test.autoconfigure.SpringBootDependencyInjectionTestExecutionListener@76df8e1a, org.springframework.test.context.support.DirtiesContextTestExecutionListener@5ce19cbf, org.springframework.test.context.transaction.TransactionalTestExecutionListener@3f1b468f, org.springframework.test.context.jdbc.SqlScriptsTestExecutionListener@708292fe, org.springframework.test.context.event.EventPublishingTestExecutionListener@7a277daa, org.springframework.boot.test.autoconfigure.restdocs.RestDocsTestExecutionListener@2af30235, org.springframework.boot.test.autoconfigure.web.client.MockRestServiceServerResetTestExecutionListener@4f3916da, org.springframework.boot.test.autoconfigure.web.servlet.MockMvcPrintOnlyOnFailureTestExecutionListener@2bc878a1, org.springframework.boot.test.autoconfigure.web.servlet.WebDriverTestExecutionListener@6ac39a5f, org.springframework.boot.test.autoconfigure.webservices.client.MockWebServiceServerTestExecutionListener@5893cf98, org.springframework.boot.test.mock.mockito.ResetMocksTestExecutionListener@5f1b8d96]

  .   ____          _            __ _ _
 /\\ / ___'_ __ _ _(_)_ __  __ _ \ \ \ \
( ( )\___ | '_ | '_| | '_ \/ _` | \ \ \ \
 \\/  ___)| |_)| | | | | || (_| |  ) ) ) )
  '  |____| .__|_| |_|_| |_\__, | / / / /
 =========|_|==============|___/=/_/_/_/
 :: Spring Boot ::                (v2.5.1)

2021-08-02 17:07:59.300  INFO 9884 --- [    Test worker] c.e.e.s.imp.UserDetailsServiceImplTest   : Starting UserDetailsServiceImplTest using Java 11.0.12 on DESKTOP-59TO9CR with PID 9884 (started by HP in E:\JAVA\Workspace\MJC-School\gift-certificates-system\service)
2021-08-02 17:07:59.302  INFO 9884 --- [    Test worker] c.e.e.s.imp.UserDetailsServiceImplTest   : No active profile set, falling back to default profiles: default
2021-08-02 17:07:59.756  INFO 9884 --- [    Test worker] .s.d.r.c.RepositoryConfigurationDelegate : Bootstrapping Spring Data JPA repositories in DEFAULT mode.
2021-08-02 17:07:59.760  INFO 9884 --- [    Test worker] .s.d.r.c.RepositoryConfigurationDelegate : Finished Spring Data repository scanning in 2 ms. Found 0 JPA repository interfaces.
2021-08-02 17:08:00.056  INFO 9884 --- [    Test worker] com.zaxxer.hikari.HikariDataSource       : HikariPool-4 - Starting...
2021-08-02 17:08:00.062  INFO 9884 --- [    Test worker] com.zaxxer.hikari.HikariDataSource       : HikariPool-4 - Start completed.
2021-08-02 17:08:00.135  INFO 9884 --- [    Test worker] o.hibernate.jpa.internal.util.LogHelper  : HHH000204: Processing PersistenceUnitInfo [name: default]
2021-08-02 17:08:00.148  INFO 9884 --- [    Test worker] org.hibernate.dialect.Dialect            : HHH000400: Using dialect: org.hibernate.dialect.H2Dialect
2021-08-02 17:08:00.175  INFO 9884 --- [    Test worker] o.h.e.t.j.p.i.JtaPlatformInitiator       : HHH000490: Using JtaPlatform implementation: [org.hibernate.engine.transaction.jta.platform.internal.NoJtaPlatform]
2021-08-02 17:08:00.175  INFO 9884 --- [    Test worker] j.LocalContainerEntityManagerFactoryBean : Initialized JPA EntityManagerFactory for persistence unit 'default'
2021-08-02 17:08:00.469  WARN 9884 --- [    Test worker] JpaBaseConfiguration$JpaWebConfiguration : spring.jpa.open-in-view is enabled by default. Therefore, database queries may be performed during view rendering. Explicitly configure spring.jpa.open-in-view to disable this warning
2021-08-02 17:08:01.882  INFO 9884 --- [    Test worker] o.s.s.web.DefaultSecurityFilterChain     : Will secure any request with [org.springframework.security.web.context.request.async.WebAsyncManagerIntegrationFilter@450d5bf2, org.springframework.security.web.context.SecurityContextPersistenceFilter@781236fb, org.springframework.security.web.header.HeaderWriterFilter@694aa264, org.springframework.security.web.csrf.CsrfFilter@b4a9d75, org.springframework.security.web.authentication.logout.LogoutFilter@4ec820fe, org.springframework.security.web.authentication.UsernamePasswordAuthenticationFilter@4a63147f, org.springframework.security.web.authentication.ui.DefaultLoginPageGeneratingFilter@7cdeeef5, org.springframework.security.web.authentication.ui.DefaultLogoutPageGeneratingFilter@28ce104, org.springframework.security.web.authentication.www.BasicAuthenticationFilter@1e181fd8, org.springframework.security.web.savedrequest.RequestCacheAwareFilter@597d6b31, org.springframework.security.web.servletapi.SecurityContextHolderAwareRequestFilter@6598abf8, org.springframework.security.web.authentication.AnonymousAuthenticationFilter@509ecdc6, org.springframework.security.web.session.SessionManagementFilter@276cb656, org.springframework.security.web.access.ExceptionTranslationFilter@402c3c54, org.springframework.security.web.access.intercept.FilterSecurityInterceptor@5ca37cb3]
2021-08-02 17:08:02.026  INFO 9884 --- [    Test worker] c.e.e.s.imp.UserDetailsServiceImplTest   : Started UserDetailsServiceImplTest in 2.768 seconds (JVM running for 27.451)
]]></system-out>
  <system-err><![CDATA[]]></system-err>
</testsuite>
