<?xml version="1.0" encoding="UTF-8"?>
<testsuite name="com.epam.esm.service.imp.TagServiceImplTest" tests="11" skipped="0" failures="0" errors="0" timestamp="2021-08-02T14:07:59" hostname="DESKTOP-59TO9CR" time="0.162">
  <properties/>
  <testcase name="deleteTagThrowIncorrectParameterValueExceptionTest()" classname="com.epam.esm.service.imp.TagServiceImplTest" time="0.024"/>
  <testcase name="findMostPopularTagPositiveTest()" classname="com.epam.esm.service.imp.TagServiceImplTest" time="0.011"/>
  <testcase name="findTagByIdThrowIncorrectParameterValueExceptionTest()" classname="com.epam.esm.service.imp.TagServiceImplTest" time="0.01"/>
  <testcase name="findAllTagsPositiveTest()" classname="com.epam.esm.service.imp.TagServiceImplTest" time="0.011"/>
  <testcase name="findMostPopularTagThrowResourceNotFoundExceptionTest()" classname="com.epam.esm.service.imp.TagServiceImplTest" time="0.01"/>
  <testcase name="createTagThrowIncorrectParameterValueExceptionTest()" classname="com.epam.esm.service.imp.TagServiceImplTest" time="0.016"/>
  <testcase name="deleteTagThrowResourceNotFoundExceptionTest()" classname="com.epam.esm.service.imp.TagServiceImplTest" time="0.011"/>
  <testcase name="deleteTagPositiveTest()" classname="com.epam.esm.service.imp.TagServiceImplTest" time="0.014"/>
  <testcase name="createTagPositiveTest()" classname="com.epam.esm.service.imp.TagServiceImplTest" time="0.012"/>
  <testcase name="findTagByIdPositiveTest()" classname="com.epam.esm.service.imp.TagServiceImplTest" time="0.011"/>
  <testcase name="findTagByIdThrowResourceNotFoundExceptionTest()" classname="com.epam.esm.service.imp.TagServiceImplTest" time="0.011"/>
  <system-out><![CDATA[2021-08-02 17:07:56.020  INFO 9884 --- [    Test worker] .b.t.c.SpringBootTestContextBootstrapper : Neither @ContextConfiguration nor @ContextHierarchy found for test class [com.epam.esm.service.imp.TagServiceImplTest], using SpringBootContextLoader
2021-08-02 17:07:56.022  INFO 9884 --- [    Test worker] o.s.t.c.support.AbstractContextLoader    : Could not detect default resource locations for test class [com.epam.esm.service.imp.TagServiceImplTest]: no resource found for suffixes {-context.xml, Context.groovy}.
2021-08-02 17:07:56.031  INFO 9884 --- [    Test worker] .b.t.c.SpringBootTestContextBootstrapper : Loaded default TestExecutionListener class names from location [META-INF/spring.factories]: [org.springframework.boot.test.autoconfigure.restdocs.RestDocsTestExecutionListener, org.springframework.boot.test.autoconfigure.web.client.MockRestServiceServerResetTestExecutionListener, org.springframework.boot.test.autoconfigure.web.servlet.MockMvcPrintOnlyOnFailureTestExecutionListener, org.springframework.boot.test.autoconfigure.web.servlet.WebDriverTestExecutionListener, org.springframework.boot.test.autoconfigure.webservices.client.MockWebServiceServerTestExecutionListener, org.springframework.boot.test.mock.mockito.MockitoTestExecutionListener, org.springframework.boot.test.mock.mockito.ResetMocksTestExecutionListener, org.springframework.test.context.web.ServletTestExecutionListener, org.springframework.test.context.support.DirtiesContextBeforeModesTestExecutionListener, org.springframework.test.context.event.ApplicationEventsTestExecutionListener, org.springframework.test.context.support.DependencyInjectionTestExecutionListener, org.springframework.test.context.support.DirtiesContextTestExecutionListener, org.springframework.test.context.transaction.TransactionalTestExecutionListener, org.springframework.test.context.jdbc.SqlScriptsTestExecutionListener, org.springframework.test.context.event.EventPublishingTestExecutionListener]
2021-08-02 17:07:56.032  INFO 9884 --- [    Test worker] .b.t.c.SpringBootTestContextBootstrapper : Using TestExecutionListeners: [org.springframework.test.context.web.ServletTestExecutionListener@566f1a97, org.springframework.test.context.support.DirtiesContextBeforeModesTestExecutionListener@62bb39a1, org.springframework.test.context.event.ApplicationEventsTestExecutionListener@637a472a, org.springframework.boot.test.mock.mockito.MockitoTestExecutionListener@6a4c8249, org.springframework.boot.test.autoconfigure.SpringBootDependencyInjectionTestExecutionListener@44599635, org.springframework.test.context.support.DirtiesContextTestExecutionListener@7f14c92e, org.springframework.test.context.transaction.TransactionalTestExecutionListener@4ee682f1, org.springframework.test.context.jdbc.SqlScriptsTestExecutionListener@40b61fae, org.springframework.test.context.event.EventPublishingTestExecutionListener@4856c1b3, org.springframework.boot.test.autoconfigure.restdocs.RestDocsTestExecutionListener@11522c2e, org.springframework.boot.test.autoconfigure.web.client.MockRestServiceServerResetTestExecutionListener@6bd9d5ff, org.springframework.boot.test.autoconfigure.web.servlet.MockMvcPrintOnlyOnFailureTestExecutionListener@1b62fc45, org.springframework.boot.test.autoconfigure.web.servlet.WebDriverTestExecutionListener@65c7edc3, org.springframework.boot.test.autoconfigure.webservices.client.MockWebServiceServerTestExecutionListener@65748e09, org.springframework.boot.test.mock.mockito.ResetMocksTestExecutionListener@40a7c975]

  .   ____          _            __ _ _
 /\\ / ___'_ __ _ _(_)_ __  __ _ \ \ \ \
( ( )\___ | '_ | '_| | '_ \/ _` | \ \ \ \
 \\/  ___)| |_)| | | | | || (_| |  ) ) ) )
  '  |____| .__|_| |_|_| |_\__, | / / / /
 =========|_|==============|___/=/_/_/_/
 :: Spring Boot ::                (v2.5.1)

2021-08-02 17:07:56.085  INFO 9884 --- [    Test worker] c.e.esm.service.imp.TagServiceImplTest   : Starting TagServiceImplTest using Java 11.0.12 on DESKTOP-59TO9CR with PID 9884 (started by HP in E:\JAVA\Workspace\MJC-School\gift-certificates-system\service)
2021-08-02 17:07:56.086  INFO 9884 --- [    Test worker] c.e.esm.service.imp.TagServiceImplTest   : No active profile set, falling back to default profiles: default
2021-08-02 17:07:56.628  INFO 9884 --- [    Test worker] .s.d.r.c.RepositoryConfigurationDelegate : Bootstrapping Spring Data JPA repositories in DEFAULT mode.
2021-08-02 17:07:56.632  INFO 9884 --- [    Test worker] .s.d.r.c.RepositoryConfigurationDelegate : Finished Spring Data repository scanning in 2 ms. Found 0 JPA repository interfaces.
2021-08-02 17:07:57.004  INFO 9884 --- [    Test worker] com.zaxxer.hikari.HikariDataSource       : HikariPool-3 - Starting...
2021-08-02 17:07:57.010  INFO 9884 --- [    Test worker] com.zaxxer.hikari.HikariDataSource       : HikariPool-3 - Start completed.
2021-08-02 17:07:57.076  INFO 9884 --- [    Test worker] o.hibernate.jpa.internal.util.LogHelper  : HHH000204: Processing PersistenceUnitInfo [name: default]
2021-08-02 17:07:57.089  INFO 9884 --- [    Test worker] org.hibernate.dialect.Dialect            : HHH000400: Using dialect: org.hibernate.dialect.H2Dialect
2021-08-02 17:07:57.114  INFO 9884 --- [    Test worker] o.h.e.t.j.p.i.JtaPlatformInitiator       : HHH000490: Using JtaPlatform implementation: [org.hibernate.engine.transaction.jta.platform.internal.NoJtaPlatform]
2021-08-02 17:07:57.115  INFO 9884 --- [    Test worker] j.LocalContainerEntityManagerFactoryBean : Initialized JPA EntityManagerFactory for persistence unit 'default'
2021-08-02 17:07:57.473  WARN 9884 --- [    Test worker] JpaBaseConfiguration$JpaWebConfiguration : spring.jpa.open-in-view is enabled by default. Therefore, database queries may be performed during view rendering. Explicitly configure spring.jpa.open-in-view to disable this warning
2021-08-02 17:07:58.909  INFO 9884 --- [    Test worker] o.s.s.web.DefaultSecurityFilterChain     : Will secure any request with [org.springframework.security.web.context.request.async.WebAsyncManagerIntegrationFilter@42bcd201, org.springframework.security.web.context.SecurityContextPersistenceFilter@40feaba, org.springframework.security.web.header.HeaderWriterFilter@13df97de, org.springframework.security.web.csrf.CsrfFilter@87f6407, org.springframework.security.web.authentication.logout.LogoutFilter@7bfa4856, org.springframework.security.web.authentication.UsernamePasswordAuthenticationFilter@61b6ce47, org.springframework.security.web.authentication.ui.DefaultLoginPageGeneratingFilter@4f5254f9, org.springframework.security.web.authentication.ui.DefaultLogoutPageGeneratingFilter@2cfe7fc0, org.springframework.security.web.authentication.www.BasicAuthenticationFilter@3297cd7a, org.springframework.security.web.savedrequest.RequestCacheAwareFilter@726775f, org.springframework.security.web.servletapi.SecurityContextHolderAwareRequestFilter@68287102, org.springframework.security.web.authentication.AnonymousAuthenticationFilter@7b6d58ee, org.springframework.security.web.session.SessionManagementFilter@7723f705, org.springframework.security.web.access.ExceptionTranslationFilter@2503f43, org.springframework.security.web.access.intercept.FilterSecurityInterceptor@4924e10f]
2021-08-02 17:07:59.058  INFO 9884 --- [    Test worker] c.e.esm.service.imp.TagServiceImplTest   : Started TagServiceImplTest in 3.02 seconds (JVM running for 24.484)
]]></system-out>
  <system-err><![CDATA[]]></system-err>
</testsuite>
