<?xml version="1.0" encoding="UTF-8"?>
<testsuite name="com.epam.esm.service.imp.OrderServiceImplTest" tests="7" skipped="0" failures="0" errors="0" timestamp="2021-08-02T14:07:55" hostname="DESKTOP-59TO9CR" time="0.165">
  <properties/>
  <testcase name="findOrderByIdPositiveTest()" classname="com.epam.esm.service.imp.OrderServiceImplTest" time="0.046"/>
  <testcase name="findOrderByUserIdThrowIncorrectParameterValueExceptionTest()" classname="com.epam.esm.service.imp.OrderServiceImplTest" time="0.012"/>
  <testcase name="addOrderPositiveTest()" classname="com.epam.esm.service.imp.OrderServiceImplTest" time="0.041"/>
  <testcase name="findOrderByIdThrowResourceNotFoundExceptionTest()" classname="com.epam.esm.service.imp.OrderServiceImplTest" time="0.012"/>
  <testcase name="addOrderThrowIncorrectParameterValueExceptionTest()" classname="com.epam.esm.service.imp.OrderServiceImplTest" time="0.013"/>
  <testcase name="findOrderByIdThrowIncorrectParameterValueExceptionTest()" classname="com.epam.esm.service.imp.OrderServiceImplTest" time="0.01"/>
  <testcase name="findOrderByUserIdPositiveTest()" classname="com.epam.esm.service.imp.OrderServiceImplTest" time="0.015"/>
  <system-out><![CDATA[2021-08-02 17:07:52.294  INFO 9884 --- [    Test worker] .b.t.c.SpringBootTestContextBootstrapper : Neither @ContextConfiguration nor @ContextHierarchy found for test class [com.epam.esm.service.imp.OrderServiceImplTest], using SpringBootContextLoader
2021-08-02 17:07:52.296  INFO 9884 --- [    Test worker] o.s.t.c.support.AbstractContextLoader    : Could not detect default resource locations for test class [com.epam.esm.service.imp.OrderServiceImplTest]: no resource found for suffixes {-context.xml, Context.groovy}.
2021-08-02 17:07:52.308  INFO 9884 --- [    Test worker] .b.t.c.SpringBootTestContextBootstrapper : Loaded default TestExecutionListener class names from location [META-INF/spring.factories]: [org.springframework.boot.test.autoconfigure.restdocs.RestDocsTestExecutionListener, org.springframework.boot.test.autoconfigure.web.client.MockRestServiceServerResetTestExecutionListener, org.springframework.boot.test.autoconfigure.web.servlet.MockMvcPrintOnlyOnFailureTestExecutionListener, org.springframework.boot.test.autoconfigure.web.servlet.WebDriverTestExecutionListener, org.springframework.boot.test.autoconfigure.webservices.client.MockWebServiceServerTestExecutionListener, org.springframework.boot.test.mock.mockito.MockitoTestExecutionListener, org.springframework.boot.test.mock.mockito.ResetMocksTestExecutionListener, org.springframework.test.context.web.ServletTestExecutionListener, org.springframework.test.context.support.DirtiesContextBeforeModesTestExecutionListener, org.springframework.test.context.event.ApplicationEventsTestExecutionListener, org.springframework.test.context.support.DependencyInjectionTestExecutionListener, org.springframework.test.context.support.DirtiesContextTestExecutionListener, org.springframework.test.context.transaction.TransactionalTestExecutionListener, org.springframework.test.context.jdbc.SqlScriptsTestExecutionListener, org.springframework.test.context.event.EventPublishingTestExecutionListener]
2021-08-02 17:07:52.310  INFO 9884 --- [    Test worker] .b.t.c.SpringBootTestContextBootstrapper : Using TestExecutionListeners: [org.springframework.test.context.web.ServletTestExecutionListener@13cc2848, org.springframework.test.context.support.DirtiesContextBeforeModesTestExecutionListener@2f6966b2, org.springframework.test.context.event.ApplicationEventsTestExecutionListener@1b281aba, org.springframework.boot.test.mock.mockito.MockitoTestExecutionListener@2938b370, org.springframework.boot.test.autoconfigure.SpringBootDependencyInjectionTestExecutionListener@5b445077, org.springframework.test.context.support.DirtiesContextTestExecutionListener@3ffce15b, org.springframework.test.context.transaction.TransactionalTestExecutionListener@645ad1d4, org.springframework.test.context.jdbc.SqlScriptsTestExecutionListener@8154d1c, org.springframework.test.context.event.EventPublishingTestExecutionListener@712b7381, org.springframework.boot.test.autoconfigure.restdocs.RestDocsTestExecutionListener@2905b2c6, org.springframework.boot.test.autoconfigure.web.client.MockRestServiceServerResetTestExecutionListener@1b630243, org.springframework.boot.test.autoconfigure.web.servlet.MockMvcPrintOnlyOnFailureTestExecutionListener@393cd19e, org.springframework.boot.test.autoconfigure.web.servlet.WebDriverTestExecutionListener@13a11a43, org.springframework.boot.test.autoconfigure.webservices.client.MockWebServiceServerTestExecutionListener@17b60973, org.springframework.boot.test.mock.mockito.ResetMocksTestExecutionListener@14c470dc]

  .   ____          _            __ _ _
 /\\ / ___'_ __ _ _(_)_ __  __ _ \ \ \ \
( ( )\___ | '_ | '_| | '_ \/ _` | \ \ \ \
 \\/  ___)| |_)| | | | | || (_| |  ) ) ) )
  '  |____| .__|_| |_|_| |_\__, | / / / /
 =========|_|==============|___/=/_/_/_/
 :: Spring Boot ::                (v2.5.1)

2021-08-02 17:07:52.376  INFO 9884 --- [    Test worker] c.e.e.service.imp.OrderServiceImplTest   : Starting OrderServiceImplTest using Java 11.0.12 on DESKTOP-59TO9CR with PID 9884 (started by HP in E:\JAVA\Workspace\MJC-School\gift-certificates-system\service)
2021-08-02 17:07:52.378  INFO 9884 --- [    Test worker] c.e.e.service.imp.OrderServiceImplTest   : No active profile set, falling back to default profiles: default
2021-08-02 17:07:53.054  INFO 9884 --- [    Test worker] .s.d.r.c.RepositoryConfigurationDelegate : Bootstrapping Spring Data JPA repositories in DEFAULT mode.
2021-08-02 17:07:53.058  INFO 9884 --- [    Test worker] .s.d.r.c.RepositoryConfigurationDelegate : Finished Spring Data repository scanning in 2 ms. Found 0 JPA repository interfaces.
2021-08-02 17:07:53.541  INFO 9884 --- [    Test worker] com.zaxxer.hikari.HikariDataSource       : HikariPool-2 - Starting...
2021-08-02 17:07:53.547  INFO 9884 --- [    Test worker] com.zaxxer.hikari.HikariDataSource       : HikariPool-2 - Start completed.
2021-08-02 17:07:53.613  INFO 9884 --- [    Test worker] o.hibernate.jpa.internal.util.LogHelper  : HHH000204: Processing PersistenceUnitInfo [name: default]
2021-08-02 17:07:53.627  INFO 9884 --- [    Test worker] org.hibernate.dialect.Dialect            : HHH000400: Using dialect: org.hibernate.dialect.H2Dialect
2021-08-02 17:07:53.656  INFO 9884 --- [    Test worker] o.h.e.t.j.p.i.JtaPlatformInitiator       : HHH000490: Using JtaPlatform implementation: [org.hibernate.engine.transaction.jta.platform.internal.NoJtaPlatform]
2021-08-02 17:07:53.657  INFO 9884 --- [    Test worker] j.LocalContainerEntityManagerFactoryBean : Initialized JPA EntityManagerFactory for persistence unit 'default'
2021-08-02 17:07:53.996  WARN 9884 --- [    Test worker] JpaBaseConfiguration$JpaWebConfiguration : spring.jpa.open-in-view is enabled by default. Therefore, database queries may be performed during view rendering. Explicitly configure spring.jpa.open-in-view to disable this warning
2021-08-02 17:07:55.678  INFO 9884 --- [    Test worker] o.s.s.web.DefaultSecurityFilterChain     : Will secure any request with [org.springframework.security.web.context.request.async.WebAsyncManagerIntegrationFilter@76db4a78, org.springframework.security.web.context.SecurityContextPersistenceFilter@1f5ef65e, org.springframework.security.web.header.HeaderWriterFilter@65669ac6, org.springframework.security.web.csrf.CsrfFilter@6e385740, org.springframework.security.web.authentication.logout.LogoutFilter@890df28, org.springframework.security.web.authentication.UsernamePasswordAuthenticationFilter@47282099, org.springframework.security.web.authentication.ui.DefaultLoginPageGeneratingFilter@7c96810f, org.springframework.security.web.authentication.ui.DefaultLogoutPageGeneratingFilter@1b146891, org.springframework.security.web.authentication.www.BasicAuthenticationFilter@6018493b, org.springframework.security.web.savedrequest.RequestCacheAwareFilter@31efd88, org.springframework.security.web.servletapi.SecurityContextHolderAwareRequestFilter@527fe787, org.springframework.security.web.authentication.AnonymousAuthenticationFilter@1d3eaf82, org.springframework.security.web.session.SessionManagementFilter@33f03537, org.springframework.security.web.access.ExceptionTranslationFilter@44bb0cf9, org.springframework.security.web.access.intercept.FilterSecurityInterceptor@56d76ebc]
2021-08-02 17:07:55.839  INFO 9884 --- [    Test worker] c.e.e.service.imp.OrderServiceImplTest   : Started OrderServiceImplTest in 3.519 seconds (JVM running for 21.265)
]]></system-out>
  <system-err><![CDATA[]]></system-err>
</testsuite>
