<?xml version="1.0" encoding="UTF-8"?>
<testsuite name="com.epam.esm.service.imp.GiftCertificateServiceImplTest" tests="12" skipped="0" failures="0" errors="0" timestamp="2021-08-02T14:07:51" hostname="DESKTOP-59TO9CR" time="0.73">
  <properties/>
  <testcase name="findGiftCertificateByIdPositiveTest()" classname="com.epam.esm.service.imp.GiftCertificateServiceImplTest" time="0.295"/>
  <testcase name="findGiftCertificateByIdThrowIncorrectParameterValueExceptionTest()" classname="com.epam.esm.service.imp.GiftCertificateServiceImplTest" time="0.015"/>
  <testcase name="createGiftCertificatePositiveTest()" classname="com.epam.esm.service.imp.GiftCertificateServiceImplTest" time="0.231"/>
  <testcase name="deleteGiftCertificateThrowIncorrectParameterValueExceptionTest()" classname="com.epam.esm.service.imp.GiftCertificateServiceImplTest" time="0.018"/>
  <testcase name="deleteGiftCertificatePositiveTest()" classname="com.epam.esm.service.imp.GiftCertificateServiceImplTest" time="0.015"/>
  <testcase name="updateGiftCertificateThrowResourceNotFoundExceptionTest()" classname="com.epam.esm.service.imp.GiftCertificateServiceImplTest" time="0.013"/>
  <testcase name="updateGiftCertificateThrowIncorrectParameterValueExceptionTest()" classname="com.epam.esm.service.imp.GiftCertificateServiceImplTest" time="0.018"/>
  <testcase name="deleteGiftCertificateThrowResourceNotFoundExceptionTest()" classname="com.epam.esm.service.imp.GiftCertificateServiceImplTest" time="0.016"/>
  <testcase name="createGiftCertificateThrowIncorrectParameterValueExceptionTest()" classname="com.epam.esm.service.imp.GiftCertificateServiceImplTest" time="0.012"/>
  <testcase name="findGiftCertificatesPositiveTest()" classname="com.epam.esm.service.imp.GiftCertificateServiceImplTest" time="0.026"/>
  <testcase name="findGiftCertificateByIdThrowResourceNotFoundExceptionTest()" classname="com.epam.esm.service.imp.GiftCertificateServiceImplTest" time="0.011"/>
  <testcase name="updateGiftCertificatePositiveTest()" classname="com.epam.esm.service.imp.GiftCertificateServiceImplTest" time="0.014"/>
  <system-out><![CDATA[17:07:37.347 [Test worker] DEBUG org.springframework.test.context.BootstrapUtils - Instantiating CacheAwareContextLoaderDelegate from class [org.springframework.test.context.cache.DefaultCacheAwareContextLoaderDelegate]
17:07:37.376 [Test worker] DEBUG org.springframework.test.context.BootstrapUtils - Instantiating BootstrapContext using constructor [public org.springframework.test.context.support.DefaultBootstrapContext(java.lang.Class,org.springframework.test.context.CacheAwareContextLoaderDelegate)]
17:07:37.476 [Test worker] DEBUG org.springframework.test.context.BootstrapUtils - Instantiating TestContextBootstrapper for test class [com.epam.esm.service.imp.GiftCertificateServiceImplTest] from class [org.springframework.boot.test.context.SpringBootTestContextBootstrapper]
17:07:37.509 [Test worker] INFO org.springframework.boot.test.context.SpringBootTestContextBootstrapper - Neither @ContextConfiguration nor @ContextHierarchy found for test class [com.epam.esm.service.imp.GiftCertificateServiceImplTest], using SpringBootContextLoader
17:07:37.519 [Test worker] DEBUG org.springframework.test.context.support.AbstractContextLoader - Did not detect default resource location for test class [com.epam.esm.service.imp.GiftCertificateServiceImplTest]: class path resource [com/epam/esm/service/imp/GiftCertificateServiceImplTest-context.xml] does not exist
17:07:37.521 [Test worker] DEBUG org.springframework.test.context.support.AbstractContextLoader - Did not detect default resource location for test class [com.epam.esm.service.imp.GiftCertificateServiceImplTest]: class path resource [com/epam/esm/service/imp/GiftCertificateServiceImplTestContext.groovy] does not exist
17:07:37.522 [Test worker] INFO org.springframework.test.context.support.AbstractContextLoader - Could not detect default resource locations for test class [com.epam.esm.service.imp.GiftCertificateServiceImplTest]: no resource found for suffixes {-context.xml, Context.groovy}.
17:07:37.650 [Test worker] DEBUG org.springframework.test.context.support.ActiveProfilesUtils - Could not find an 'annotation declaring class' for annotation type [org.springframework.test.context.ActiveProfiles] and class [com.epam.esm.service.imp.GiftCertificateServiceImplTest]
17:07:37.942 [Test worker] DEBUG org.springframework.boot.test.context.SpringBootTestContextBootstrapper - @TestExecutionListeners is not present for class [com.epam.esm.service.imp.GiftCertificateServiceImplTest]: using defaults.
17:07:37.943 [Test worker] INFO org.springframework.boot.test.context.SpringBootTestContextBootstrapper - Loaded default TestExecutionListener class names from location [META-INF/spring.factories]: [org.springframework.boot.test.autoconfigure.restdocs.RestDocsTestExecutionListener, org.springframework.boot.test.autoconfigure.web.client.MockRestServiceServerResetTestExecutionListener, org.springframework.boot.test.autoconfigure.web.servlet.MockMvcPrintOnlyOnFailureTestExecutionListener, org.springframework.boot.test.autoconfigure.web.servlet.WebDriverTestExecutionListener, org.springframework.boot.test.autoconfigure.webservices.client.MockWebServiceServerTestExecutionListener, org.springframework.boot.test.mock.mockito.MockitoTestExecutionListener, org.springframework.boot.test.mock.mockito.ResetMocksTestExecutionListener, org.springframework.test.context.web.ServletTestExecutionListener, org.springframework.test.context.support.DirtiesContextBeforeModesTestExecutionListener, org.springframework.test.context.event.ApplicationEventsTestExecutionListener, org.springframework.test.context.support.DependencyInjectionTestExecutionListener, org.springframework.test.context.support.DirtiesContextTestExecutionListener, org.springframework.test.context.transaction.TransactionalTestExecutionListener, org.springframework.test.context.jdbc.SqlScriptsTestExecutionListener, org.springframework.test.context.event.EventPublishingTestExecutionListener]
17:07:37.986 [Test worker] INFO org.springframework.boot.test.context.SpringBootTestContextBootstrapper - Using TestExecutionListeners: [org.springframework.test.context.web.ServletTestExecutionListener@159a10a, org.springframework.test.context.support.DirtiesContextBeforeModesTestExecutionListener@77887f9e, org.springframework.test.context.event.ApplicationEventsTestExecutionListener@7aea4f3c, org.springframework.boot.test.mock.mockito.MockitoTestExecutionListener@559df963, org.springframework.boot.test.autoconfigure.SpringBootDependencyInjectionTestExecutionListener@1900532b, org.springframework.test.context.support.DirtiesContextTestExecutionListener@2dc0bb1a, org.springframework.test.context.transaction.TransactionalTestExecutionListener@57b8231, org.springframework.test.context.jdbc.SqlScriptsTestExecutionListener@3f97351c, org.springframework.test.context.event.EventPublishingTestExecutionListener@2495b0ce, org.springframework.boot.test.autoconfigure.restdocs.RestDocsTestExecutionListener@ca5c72d, org.springframework.boot.test.autoconfigure.web.client.MockRestServiceServerResetTestExecutionListener@5516a682, org.springframework.boot.test.autoconfigure.web.servlet.MockMvcPrintOnlyOnFailureTestExecutionListener@532f56e9, org.springframework.boot.test.autoconfigure.web.servlet.WebDriverTestExecutionListener@5ab59f82, org.springframework.boot.test.autoconfigure.webservices.client.MockWebServiceServerTestExecutionListener@780ba756, org.springframework.boot.test.mock.mockito.ResetMocksTestExecutionListener@18493c63]
17:07:37.996 [Test worker] DEBUG org.springframework.test.context.support.AbstractDirtiesContextTestExecutionListener - Before test class: context [DefaultTestContext@2819e990 testClass = GiftCertificateServiceImplTest, testInstance = [null], testMethod = [null], testException = [null], mergedContextConfiguration = [WebMergedContextConfiguration@1d925dd9 testClass = GiftCertificateServiceImplTest, locations = '{}', classes = '{class com.epam.esm.configuration.ServiceConfiguration}', contextInitializerClasses = '[]', activeProfiles = '{}', propertySourceLocations = '{}', propertySourceProperties = '{org.springframework.boot.test.context.SpringBootTestContextBootstrapper=true}', contextCustomizers = set[org.springframework.boot.test.autoconfigure.actuate.metrics.MetricsExportContextCustomizerFactory$DisableMetricExportContextCustomizer@3906a5d7, org.springframework.boot.test.autoconfigure.properties.PropertyMappingContextCustomizer@0, org.springframework.boot.test.autoconfigure.web.servlet.WebDriverContextCustomizerFactory$Customizer@53702d9f, org.springframework.boot.test.context.filter.ExcludeFilterContextCustomizer@382fe181, org.springframework.boot.test.json.DuplicateJsonObjectContextCustomizerFactory$DuplicateJsonObjectContextCustomizer@123cd683, org.springframework.boot.test.mock.mockito.MockitoContextCustomizer@950876a8, org.springframework.boot.test.web.client.TestRestTemplateContextCustomizer@b64f588, org.springframework.boot.test.context.SpringBootTestArgs@1, org.springframework.boot.test.context.SpringBootTestWebEnvironment@4232b4e6], resourceBasePath = 'src/main/webapp', contextLoader = 'org.springframework.boot.test.context.SpringBootContextLoader', parent = [null]], attributes = map['org.springframework.test.context.web.ServletTestExecutionListener.activateListener' -> true]], class annotated with @DirtiesContext [false] with mode [null].
17:07:38.141 [Test worker] DEBUG org.springframework.test.context.support.TestPropertySourceUtils - Adding inlined properties to environment: {spring.jmx.enabled=false, org.springframework.boot.test.context.SpringBootTestContextBootstrapper=true}

  .   ____          _            __ _ _
 /\\ / ___'_ __ _ _(_)_ __  __ _ \ \ \ \
( ( )\___ | '_ | '_| | '_ \/ _` | \ \ \ \
 \\/  ___)| |_)| | | | | || (_| |  ) ) ) )
  '  |____| .__|_| |_|_| |_\__, | / / / /
 =========|_|==============|___/=/_/_/_/
 :: Spring Boot ::                (v2.5.1)

2021-08-02 17:07:38.915  INFO 9884 --- [    Test worker] c.e.e.s.i.GiftCertificateServiceImplTest : Starting GiftCertificateServiceImplTest using Java 11.0.12 on DESKTOP-59TO9CR with PID 9884 (started by HP in E:\JAVA\Workspace\MJC-School\gift-certificates-system\service)
2021-08-02 17:07:38.922  INFO 9884 --- [    Test worker] c.e.e.s.i.GiftCertificateServiceImplTest : No active profile set, falling back to default profiles: default
2021-08-02 17:07:41.210  INFO 9884 --- [    Test worker] .s.d.r.c.RepositoryConfigurationDelegate : Bootstrapping Spring Data JPA repositories in DEFAULT mode.
2021-08-02 17:07:41.245  INFO 9884 --- [    Test worker] .s.d.r.c.RepositoryConfigurationDelegate : Finished Spring Data repository scanning in 12 ms. Found 0 JPA repository interfaces.
2021-08-02 17:07:44.089  INFO 9884 --- [    Test worker] com.zaxxer.hikari.HikariDataSource       : HikariPool-1 - Starting...
2021-08-02 17:07:44.628  INFO 9884 --- [    Test worker] com.zaxxer.hikari.HikariDataSource       : HikariPool-1 - Start completed.
2021-08-02 17:07:44.963  INFO 9884 --- [    Test worker] o.hibernate.jpa.internal.util.LogHelper  : HHH000204: Processing PersistenceUnitInfo [name: default]
2021-08-02 17:07:45.132  INFO 9884 --- [    Test worker] org.hibernate.Version                    : HHH000412: Hibernate ORM core version 5.4.32.Final
2021-08-02 17:07:45.281  INFO 9884 --- [    Test worker] o.hibernate.annotations.common.Version   : HCANN000001: Hibernate Commons Annotations {5.1.2.Final}
2021-08-02 17:07:45.689  INFO 9884 --- [    Test worker] org.hibernate.dialect.Dialect            : HHH000400: Using dialect: org.hibernate.dialect.H2Dialect
2021-08-02 17:07:46.409  INFO 9884 --- [    Test worker] o.h.e.t.j.p.i.JtaPlatformInitiator       : HHH000490: Using JtaPlatform implementation: [org.hibernate.engine.transaction.jta.platform.internal.NoJtaPlatform]
2021-08-02 17:07:46.442  INFO 9884 --- [    Test worker] j.LocalContainerEntityManagerFactoryBean : Initialized JPA EntityManagerFactory for persistence unit 'default'
2021-08-02 17:07:47.546  WARN 9884 --- [    Test worker] JpaBaseConfiguration$JpaWebConfiguration : spring.jpa.open-in-view is enabled by default. Therefore, database queries may be performed during view rendering. Explicitly configure spring.jpa.open-in-view to disable this warning
2021-08-02 17:07:51.158  INFO 9884 --- [    Test worker] o.s.s.web.DefaultSecurityFilterChain     : Will secure any request with [org.springframework.security.web.context.request.async.WebAsyncManagerIntegrationFilter@7fd629e6, org.springframework.security.web.context.SecurityContextPersistenceFilter@189ddd00, org.springframework.security.web.header.HeaderWriterFilter@5dcadb76, org.springframework.security.web.csrf.CsrfFilter@c3c29e, org.springframework.security.web.authentication.logout.LogoutFilter@567f4e6b, org.springframework.security.web.authentication.UsernamePasswordAuthenticationFilter@6eca56f2, org.springframework.security.web.authentication.ui.DefaultLoginPageGeneratingFilter@3687999b, org.springframework.security.web.authentication.ui.DefaultLogoutPageGeneratingFilter@5cf543be, org.springframework.security.web.authentication.www.BasicAuthenticationFilter@356246e, org.springframework.security.web.savedrequest.RequestCacheAwareFilter@31690b7f, org.springframework.security.web.servletapi.SecurityContextHolderAwareRequestFilter@261bc795, org.springframework.security.web.authentication.AnonymousAuthenticationFilter@6eb2691a, org.springframework.security.web.session.SessionManagementFilter@bbea4b, org.springframework.security.web.access.ExceptionTranslationFilter@33c16014, org.springframework.security.web.access.intercept.FilterSecurityInterceptor@5012d0e7]
2021-08-02 17:07:51.494  INFO 9884 --- [    Test worker] c.e.e.s.i.GiftCertificateServiceImplTest : Started GiftCertificateServiceImplTest in 13.333 seconds (JVM running for 16.92)
]]></system-out>
  <system-err><![CDATA[]]></system-err>
</testsuite>
