<?xml version="1.0" encoding="UTF-8"?>
<testsuite name="com.epam.esm.dao.impl.GiftCertificateDaoImplTest" tests="11" skipped="0" failures="0" errors="0" timestamp="2021-08-02T14:07:19" hostname="DESKTOP-59TO9CR" time="1.874">
  <properties/>
  <testcase name="createPositiveTest()" classname="com.epam.esm.dao.impl.GiftCertificateDaoImplTest" time="0.902"/>
  <testcase name="findByNamePositiveTest()" classname="com.epam.esm.dao.impl.GiftCertificateDaoImplTest" time="0.433"/>
  <testcase name="findByNameNegativeTest()" classname="com.epam.esm.dao.impl.GiftCertificateDaoImplTest" time="0.018"/>
  <testcase name="deletePositiveTest()" classname="com.epam.esm.dao.impl.GiftCertificateDaoImplTest" time="0.065"/>
  <testcase name="deleteNegativeTest()" classname="com.epam.esm.dao.impl.GiftCertificateDaoImplTest" time="0.023"/>
  <testcase name="findByIdPositiveTest()" classname="com.epam.esm.dao.impl.GiftCertificateDaoImplTest" time="0.049"/>
  <testcase name="findByIdNegativeTest()" classname="com.epam.esm.dao.impl.GiftCertificateDaoImplTest" time="0.018"/>
  <testcase name="findBySearchParametersPositiveTest()" classname="com.epam.esm.dao.impl.GiftCertificateDaoImplTest" time="0.141"/>
  <testcase name="findBySearchParametersNegativeTest()" classname="com.epam.esm.dao.impl.GiftCertificateDaoImplTest" time="0.045"/>
  <testcase name="updateThrowDataIntegrityViolationExceptionTest()" classname="com.epam.esm.dao.impl.GiftCertificateDaoImplTest" time="0.13"/>
  <testcase name="createThrowInvalidDataAccessApiUsageExceptionTest()" classname="com.epam.esm.dao.impl.GiftCertificateDaoImplTest" time="0.013"/>
  <system-out><![CDATA[17:06:50.148 [Test worker] DEBUG org.springframework.test.context.BootstrapUtils - Instantiating CacheAwareContextLoaderDelegate from class [org.springframework.test.context.cache.DefaultCacheAwareContextLoaderDelegate]
17:06:50.245 [Test worker] DEBUG org.springframework.test.context.BootstrapUtils - Instantiating BootstrapContext using constructor [public org.springframework.test.context.support.DefaultBootstrapContext(java.lang.Class,org.springframework.test.context.CacheAwareContextLoaderDelegate)]
17:06:50.330 [Test worker] DEBUG org.springframework.test.context.BootstrapUtils - Instantiating TestContextBootstrapper for test class [com.epam.esm.dao.impl.GiftCertificateDaoImplTest] from class [org.springframework.boot.test.context.SpringBootTestContextBootstrapper]
17:06:50.416 [Test worker] INFO org.springframework.boot.test.context.SpringBootTestContextBootstrapper - Neither @ContextConfiguration nor @ContextHierarchy found for test class [com.epam.esm.dao.impl.GiftCertificateDaoImplTest], using SpringBootContextLoader
17:06:50.425 [Test worker] DEBUG org.springframework.test.context.support.AbstractContextLoader - Did not detect default resource location for test class [com.epam.esm.dao.impl.GiftCertificateDaoImplTest]: class path resource [com/epam/esm/dao/impl/GiftCertificateDaoImplTest-context.xml] does not exist
17:06:50.427 [Test worker] DEBUG org.springframework.test.context.support.AbstractContextLoader - Did not detect default resource location for test class [com.epam.esm.dao.impl.GiftCertificateDaoImplTest]: class path resource [com/epam/esm/dao/impl/GiftCertificateDaoImplTestContext.groovy] does not exist
17:06:50.427 [Test worker] INFO org.springframework.test.context.support.AbstractContextLoader - Could not detect default resource locations for test class [com.epam.esm.dao.impl.GiftCertificateDaoImplTest]: no resource found for suffixes {-context.xml, Context.groovy}.
17:06:50.726 [Test worker] DEBUG org.springframework.test.context.support.ActiveProfilesUtils - Could not find an 'annotation declaring class' for annotation type [org.springframework.test.context.ActiveProfiles] and class [com.epam.esm.dao.impl.GiftCertificateDaoImplTest]
17:06:51.291 [Test worker] DEBUG org.springframework.boot.test.context.SpringBootTestContextBootstrapper - @TestExecutionListeners is not present for class [com.epam.esm.dao.impl.GiftCertificateDaoImplTest]: using defaults.
17:06:51.292 [Test worker] INFO org.springframework.boot.test.context.SpringBootTestContextBootstrapper - Loaded default TestExecutionListener class names from location [META-INF/spring.factories]: [org.springframework.boot.test.autoconfigure.restdocs.RestDocsTestExecutionListener, org.springframework.boot.test.autoconfigure.web.client.MockRestServiceServerResetTestExecutionListener, org.springframework.boot.test.autoconfigure.web.servlet.MockMvcPrintOnlyOnFailureTestExecutionListener, org.springframework.boot.test.autoconfigure.web.servlet.WebDriverTestExecutionListener, org.springframework.boot.test.autoconfigure.webservices.client.MockWebServiceServerTestExecutionListener, org.springframework.boot.test.mock.mockito.MockitoTestExecutionListener, org.springframework.boot.test.mock.mockito.ResetMocksTestExecutionListener, org.springframework.test.context.web.ServletTestExecutionListener, org.springframework.test.context.support.DirtiesContextBeforeModesTestExecutionListener, org.springframework.test.context.event.ApplicationEventsTestExecutionListener, org.springframework.test.context.support.DependencyInjectionTestExecutionListener, org.springframework.test.context.support.DirtiesContextTestExecutionListener, org.springframework.test.context.transaction.TransactionalTestExecutionListener, org.springframework.test.context.jdbc.SqlScriptsTestExecutionListener, org.springframework.test.context.event.EventPublishingTestExecutionListener]
17:06:51.525 [Test worker] INFO org.springframework.boot.test.context.SpringBootTestContextBootstrapper - Using TestExecutionListeners: [org.springframework.test.context.web.ServletTestExecutionListener@293ed6af, org.springframework.test.context.support.DirtiesContextBeforeModesTestExecutionListener@1dc0d10e, org.springframework.test.context.event.ApplicationEventsTestExecutionListener@437e556, org.springframework.boot.test.mock.mockito.MockitoTestExecutionListener@23f3e26a, org.springframework.boot.test.autoconfigure.SpringBootDependencyInjectionTestExecutionListener@7ca7c315, org.springframework.test.context.support.DirtiesContextTestExecutionListener@67f4352e, org.springframework.test.context.transaction.TransactionalTestExecutionListener@5cd261d3, org.springframework.test.context.jdbc.SqlScriptsTestExecutionListener@608e2891, org.springframework.test.context.event.EventPublishingTestExecutionListener@22f3f0fe, org.springframework.boot.test.autoconfigure.restdocs.RestDocsTestExecutionListener@64e8fccb, org.springframework.boot.test.autoconfigure.web.client.MockRestServiceServerResetTestExecutionListener@2b7bc57c, org.springframework.boot.test.autoconfigure.web.servlet.MockMvcPrintOnlyOnFailureTestExecutionListener@3aa0ba22, org.springframework.boot.test.autoconfigure.web.servlet.WebDriverTestExecutionListener@7e9d988, org.springframework.boot.test.autoconfigure.webservices.client.MockWebServiceServerTestExecutionListener@2444631a, org.springframework.boot.test.mock.mockito.ResetMocksTestExecutionListener@516112cb]
17:06:51.537 [Test worker] DEBUG org.springframework.test.context.support.AbstractDirtiesContextTestExecutionListener - Before test class: context [DefaultTestContext@60e26b16 testClass = GiftCertificateDaoImplTest, testInstance = [null], testMethod = [null], testException = [null], mergedContextConfiguration = [WebMergedContextConfiguration@509d1c2f testClass = GiftCertificateDaoImplTest, locations = '{}', classes = '{class com.epam.esm.configuration.TestConfiguration}', contextInitializerClasses = '[]', activeProfiles = '{}', propertySourceLocations = '{}', propertySourceProperties = '{org.springframework.boot.test.context.SpringBootTestContextBootstrapper=true}', contextCustomizers = set[org.springframework.boot.test.autoconfigure.actuate.metrics.MetricsExportContextCustomizerFactory$DisableMetricExportContextCustomizer@3f6f1964, org.springframework.boot.test.autoconfigure.properties.PropertyMappingContextCustomizer@0, org.springframework.boot.test.autoconfigure.web.servlet.WebDriverContextCustomizerFactory$Customizer@435cfc, org.springframework.boot.test.context.filter.ExcludeFilterContextCustomizer@93bf456, org.springframework.boot.test.json.DuplicateJsonObjectContextCustomizerFactory$DuplicateJsonObjectContextCustomizer@28013b3, org.springframework.boot.test.mock.mockito.MockitoContextCustomizer@0, org.springframework.boot.test.web.client.TestRestTemplateContextCustomizer@2d376923, org.springframework.boot.test.context.SpringBootTestArgs@1, org.springframework.boot.test.context.SpringBootTestWebEnvironment@59d29a0b], resourceBasePath = 'src/main/webapp', contextLoader = 'org.springframework.boot.test.context.SpringBootContextLoader', parent = [null]], attributes = map['org.springframework.test.context.web.ServletTestExecutionListener.activateListener' -> true]], class annotated with @DirtiesContext [false] with mode [null].
17:06:51.821 [Test worker] DEBUG org.springframework.test.context.support.TestPropertySourceUtils - Adding inlined properties to environment: {spring.jmx.enabled=false, org.springframework.boot.test.context.SpringBootTestContextBootstrapper=true}

  .   ____          _            __ _ _
 /\\ / ___'_ __ _ _(_)_ __  __ _ \ \ \ \
( ( )\___ | '_ | '_| | '_ \/ _` | \ \ \ \
 \\/  ___)| |_)| | | | | || (_| |  ) ) ) )
  '  |____| .__|_| |_|_| |_\__, | / / / /
 =========|_|==============|___/=/_/_/_/
 :: Spring Boot ::                (v2.5.1)

2021-08-02 17:07:01.558  INFO 12932 --- [    Test worker] c.e.e.d.impl.GiftCertificateDaoImplTest  : Starting GiftCertificateDaoImplTest using Java 11.0.12 on DESKTOP-59TO9CR with PID 12932 (started by HP in E:\JAVA\Workspace\MJC-School\gift-certificates-system\persistence)
2021-08-02 17:07:01.565  INFO 12932 --- [    Test worker] c.e.e.d.impl.GiftCertificateDaoImplTest  : No active profile set, falling back to default profiles: default
2021-08-02 17:07:04.952  INFO 12932 --- [    Test worker] .s.d.r.c.RepositoryConfigurationDelegate : Bootstrapping Spring Data JPA repositories in DEFAULT mode.
2021-08-02 17:07:04.993  INFO 12932 --- [    Test worker] .s.d.r.c.RepositoryConfigurationDelegate : Finished Spring Data repository scanning in 14 ms. Found 0 JPA repository interfaces.
2021-08-02 17:07:07.089  INFO 12932 --- [    Test worker] com.zaxxer.hikari.HikariDataSource       : HikariPool-1 - Starting...
2021-08-02 17:07:07.867  INFO 12932 --- [    Test worker] com.zaxxer.hikari.HikariDataSource       : HikariPool-1 - Start completed.
2021-08-02 17:07:08.805  INFO 12932 --- [    Test worker] o.hibernate.jpa.internal.util.LogHelper  : HHH000204: Processing PersistenceUnitInfo [name: default]
2021-08-02 17:07:09.099  INFO 12932 --- [    Test worker] org.hibernate.Version                    : HHH000412: Hibernate ORM core version 5.4.32.Final
2021-08-02 17:07:09.789  INFO 12932 --- [    Test worker] o.hibernate.annotations.common.Version   : HCANN000001: Hibernate Commons Annotations {5.1.2.Final}
2021-08-02 17:07:10.487  INFO 12932 --- [    Test worker] org.hibernate.dialect.Dialect            : HHH000400: Using dialect: org.hibernate.dialect.H2Dialect
2021-08-02 17:07:13.179  INFO 12932 --- [    Test worker] o.h.e.t.j.p.i.JtaPlatformInitiator       : HHH000490: Using JtaPlatform implementation: [org.hibernate.engine.transaction.jta.platform.internal.NoJtaPlatform]
2021-08-02 17:07:13.228  INFO 12932 --- [    Test worker] j.LocalContainerEntityManagerFactoryBean : Initialized JPA EntityManagerFactory for persistence unit 'default'
2021-08-02 17:07:14.383  WARN 12932 --- [    Test worker] JpaBaseConfiguration$JpaWebConfiguration : spring.jpa.open-in-view is enabled by default. Therefore, database queries may be performed during view rendering. Explicitly configure spring.jpa.open-in-view to disable this warning
2021-08-02 17:07:17.979  INFO 12932 --- [    Test worker] .s.s.UserDetailsServiceAutoConfiguration : 

Using generated security password: 871ad9ec-865b-4b14-9cf3-d35673383eac

2021-08-02 17:07:18.769  INFO 12932 --- [    Test worker] o.s.s.web.DefaultSecurityFilterChain     : Will secure any request with [org.springframework.security.web.context.request.async.WebAsyncManagerIntegrationFilter@2b7367b2, org.springframework.security.web.context.SecurityContextPersistenceFilter@4ac79849, org.springframework.security.web.header.HeaderWriterFilter@43bef46, org.springframework.security.web.csrf.CsrfFilter@2c9128e0, org.springframework.security.web.authentication.logout.LogoutFilter@7adb9b3, org.springframework.security.web.authentication.UsernamePasswordAuthenticationFilter@39b24323, org.springframework.security.web.authentication.ui.DefaultLoginPageGeneratingFilter@432a5407, org.springframework.security.web.authentication.ui.DefaultLogoutPageGeneratingFilter@58b59afa, org.springframework.security.web.authentication.www.BasicAuthenticationFilter@2c30781a, org.springframework.security.web.savedrequest.RequestCacheAwareFilter@475067b3, org.springframework.security.web.servletapi.SecurityContextHolderAwareRequestFilter@1aa65169, org.springframework.security.web.authentication.AnonymousAuthenticationFilter@776ac95e, org.springframework.security.web.session.SessionManagementFilter@7586532f, org.springframework.security.web.access.ExceptionTranslationFilter@1de6e63c, org.springframework.security.web.access.intercept.FilterSecurityInterceptor@783d1673]
2021-08-02 17:07:19.164  INFO 12932 --- [    Test worker] c.e.e.d.impl.GiftCertificateDaoImplTest  : Started GiftCertificateDaoImplTest in 27.256 seconds (JVM running for 32.286)
2021-08-02 17:07:19.471  INFO 12932 --- [    Test worker] o.s.t.c.transaction.TransactionContext   : Began transaction (1) for test context [DefaultTestContext@60e26b16 testClass = GiftCertificateDaoImplTest, testInstance = com.epam.esm.dao.impl.GiftCertificateDaoImplTest@6b85f5d7, testMethod = createPositiveTest@GiftCertificateDaoImplTest, testException = [null], mergedContextConfiguration = [WebMergedContextConfiguration@509d1c2f testClass = GiftCertificateDaoImplTest, locations = '{}', classes = '{class com.epam.esm.configuration.TestConfiguration}', contextInitializerClasses = '[]', activeProfiles = '{}', propertySourceLocations = '{}', propertySourceProperties = '{org.springframework.boot.test.context.SpringBootTestContextBootstrapper=true}', contextCustomizers = set[org.springframework.boot.test.autoconfigure.actuate.metrics.MetricsExportContextCustomizerFactory$DisableMetricExportContextCustomizer@3f6f1964, org.springframework.boot.test.autoconfigure.properties.PropertyMappingContextCustomizer@0, org.springframework.boot.test.autoconfigure.web.servlet.WebDriverContextCustomizerFactory$Customizer@435cfc, org.springframework.boot.test.context.filter.ExcludeFilterContextCustomizer@93bf456, org.springframework.boot.test.json.DuplicateJsonObjectContextCustomizerFactory$DuplicateJsonObjectContextCustomizer@28013b3, org.springframework.boot.test.mock.mockito.MockitoContextCustomizer@0, org.springframework.boot.test.web.client.TestRestTemplateContextCustomizer@2d376923, org.springframework.boot.test.context.SpringBootTestArgs@1, org.springframework.boot.test.context.SpringBootTestWebEnvironment@59d29a0b], resourceBasePath = 'src/main/webapp', contextLoader = 'org.springframework.boot.test.context.SpringBootContextLoader', parent = [null]], attributes = map['org.springframework.test.context.web.ServletTestExecutionListener.activateListener' -> true, 'org.springframework.test.context.web.ServletTestExecutionListener.populatedRequestContextHolder' -> true, 'org.springframework.test.context.web.ServletTestExecutionListener.resetRequestContextHolder' -> true, 'org.springframework.test.context.event.ApplicationEventsTestExecutionListener.recordApplicationEvents' -> false]]; transaction manager [org.springframework.orm.jpa.JpaTransactionManager@3db82e28]; rollback [true]
Hibernate: insert into gift_certificate (id, create_date, deleted, description, duration, last_update_date, name, price) values (null, ?, ?, ?, ?, ?, ?, ?)
2021-08-02 17:07:20.129  INFO 12932 --- [    Test worker] o.s.t.c.transaction.TransactionContext   : Rolled back transaction for test: [DefaultTestContext@60e26b16 testClass = GiftCertificateDaoImplTest, testInstance = com.epam.esm.dao.impl.GiftCertificateDaoImplTest@6b85f5d7, testMethod = createPositiveTest@GiftCertificateDaoImplTest, testException = [null], mergedContextConfiguration = [WebMergedContextConfiguration@509d1c2f testClass = GiftCertificateDaoImplTest, locations = '{}', classes = '{class com.epam.esm.configuration.TestConfiguration}', contextInitializerClasses = '[]', activeProfiles = '{}', propertySourceLocations = '{}', propertySourceProperties = '{org.springframework.boot.test.context.SpringBootTestContextBootstrapper=true}', contextCustomizers = set[org.springframework.boot.test.autoconfigure.actuate.metrics.MetricsExportContextCustomizerFactory$DisableMetricExportContextCustomizer@3f6f1964, org.springframework.boot.test.autoconfigure.properties.PropertyMappingContextCustomizer@0, org.springframework.boot.test.autoconfigure.web.servlet.WebDriverContextCustomizerFactory$Customizer@435cfc, org.springframework.boot.test.context.filter.ExcludeFilterContextCustomizer@93bf456, org.springframework.boot.test.json.DuplicateJsonObjectContextCustomizerFactory$DuplicateJsonObjectContextCustomizer@28013b3, org.springframework.boot.test.mock.mockito.MockitoContextCustomizer@0, org.springframework.boot.test.web.client.TestRestTemplateContextCustomizer@2d376923, org.springframework.boot.test.context.SpringBootTestArgs@1, org.springframework.boot.test.context.SpringBootTestWebEnvironment@59d29a0b], resourceBasePath = 'src/main/webapp', contextLoader = 'org.springframework.boot.test.context.SpringBootContextLoader', parent = [null]], attributes = map['org.springframework.test.context.web.ServletTestExecutionListener.activateListener' -> true, 'org.springframework.test.context.web.ServletTestExecutionListener.populatedRequestContextHolder' -> true, 'org.springframework.test.context.web.ServletTestExecutionListener.resetRequestContextHolder' -> true, 'org.springframework.test.context.event.ApplicationEventsTestExecutionListener.recordApplicationEvents' -> false]]
2021-08-02 17:07:20.148  INFO 12932 --- [    Test worker] o.s.t.c.transaction.TransactionContext   : Began transaction (1) for test context [DefaultTestContext@60e26b16 testClass = GiftCertificateDaoImplTest, testInstance = com.epam.esm.dao.impl.GiftCertificateDaoImplTest@1d65e3db, testMethod = findByNamePositiveTest@GiftCertificateDaoImplTest, testException = [null], mergedContextConfiguration = [WebMergedContextConfiguration@509d1c2f testClass = GiftCertificateDaoImplTest, locations = '{}', classes = '{class com.epam.esm.configuration.TestConfiguration}', contextInitializerClasses = '[]', activeProfiles = '{}', propertySourceLocations = '{}', propertySourceProperties = '{org.springframework.boot.test.context.SpringBootTestContextBootstrapper=true}', contextCustomizers = set[org.springframework.boot.test.autoconfigure.actuate.metrics.MetricsExportContextCustomizerFactory$DisableMetricExportContextCustomizer@3f6f1964, org.springframework.boot.test.autoconfigure.properties.PropertyMappingContextCustomizer@0, org.springframework.boot.test.autoconfigure.web.servlet.WebDriverContextCustomizerFactory$Customizer@435cfc, org.springframework.boot.test.context.filter.ExcludeFilterContextCustomizer@93bf456, org.springframework.boot.test.json.DuplicateJsonObjectContextCustomizerFactory$DuplicateJsonObjectContextCustomizer@28013b3, org.springframework.boot.test.mock.mockito.MockitoContextCustomizer@0, org.springframework.boot.test.web.client.TestRestTemplateContextCustomizer@2d376923, org.springframework.boot.test.context.SpringBootTestArgs@1, org.springframework.boot.test.context.SpringBootTestWebEnvironment@59d29a0b], resourceBasePath = 'src/main/webapp', contextLoader = 'org.springframework.boot.test.context.SpringBootContextLoader', parent = [null]], attributes = map['org.springframework.test.context.web.ServletTestExecutionListener.activateListener' -> true, 'org.springframework.test.context.web.ServletTestExecutionListener.populatedRequestContextHolder' -> true, 'org.springframework.test.context.web.ServletTestExecutionListener.resetRequestContextHolder' -> true, 'org.springframework.test.context.event.ApplicationEventsTestExecutionListener.recordApplicationEvents' -> false]]; transaction manager [org.springframework.orm.jpa.JpaTransactionManager@3db82e28]; rollback [true]
Hibernate: select giftcertif0_.id as id1_0_, giftcertif0_.create_date as create_d2_0_, giftcertif0_.deleted as deleted3_0_, giftcertif0_.description as descript4_0_, giftcertif0_.duration as duration5_0_, giftcertif0_.last_update_date as last_upd6_0_, giftcertif0_.name as name7_0_, giftcertif0_.price as price8_0_ from gift_certificate giftcertif0_ where giftcertif0_.deleted=0 and giftcertif0_.name=?
Hibernate: select tags0_.gift_certificate_id as gift_cer1_1_0_, tags0_.tag_id as tag_id2_1_0_, tag1_.id as id1_4_1_, tag1_.deleted as deleted2_4_1_, tag1_.name as name3_4_1_ from gift_certificate_tag_connection tags0_ inner join tag tag1_ on tags0_.tag_id=tag1_.id and ( tag1_.deleted = 0) where tags0_.gift_certificate_id=?
2021-08-02 17:07:20.577  INFO 12932 --- [    Test worker] o.s.t.c.transaction.TransactionContext   : Rolled back transaction for test: [DefaultTestContext@60e26b16 testClass = GiftCertificateDaoImplTest, testInstance = com.epam.esm.dao.impl.GiftCertificateDaoImplTest@1d65e3db, testMethod = findByNamePositiveTest@GiftCertificateDaoImplTest, testException = [null], mergedContextConfiguration = [WebMergedContextConfiguration@509d1c2f testClass = GiftCertificateDaoImplTest, locations = '{}', classes = '{class com.epam.esm.configuration.TestConfiguration}', contextInitializerClasses = '[]', activeProfiles = '{}', propertySourceLocations = '{}', propertySourceProperties = '{org.springframework.boot.test.context.SpringBootTestContextBootstrapper=true}', contextCustomizers = set[org.springframework.boot.test.autoconfigure.actuate.metrics.MetricsExportContextCustomizerFactory$DisableMetricExportContextCustomizer@3f6f1964, org.springframework.boot.test.autoconfigure.properties.PropertyMappingContextCustomizer@0, org.springframework.boot.test.autoconfigure.web.servlet.WebDriverContextCustomizerFactory$Customizer@435cfc, org.springframework.boot.test.context.filter.ExcludeFilterContextCustomizer@93bf456, org.springframework.boot.test.json.DuplicateJsonObjectContextCustomizerFactory$DuplicateJsonObjectContextCustomizer@28013b3, org.springframework.boot.test.mock.mockito.MockitoContextCustomizer@0, org.springframework.boot.test.web.client.TestRestTemplateContextCustomizer@2d376923, org.springframework.boot.test.context.SpringBootTestArgs@1, org.springframework.boot.test.context.SpringBootTestWebEnvironment@59d29a0b], resourceBasePath = 'src/main/webapp', contextLoader = 'org.springframework.boot.test.context.SpringBootContextLoader', parent = [null]], attributes = map['org.springframework.test.context.web.ServletTestExecutionListener.activateListener' -> true, 'org.springframework.test.context.web.ServletTestExecutionListener.populatedRequestContextHolder' -> true, 'org.springframework.test.context.web.ServletTestExecutionListener.resetRequestContextHolder' -> true, 'org.springframework.test.context.event.ApplicationEventsTestExecutionListener.recordApplicationEvents' -> false]]
2021-08-02 17:07:20.584  INFO 12932 --- [    Test worker] o.s.t.c.transaction.TransactionContext   : Began transaction (1) for test context [DefaultTestContext@60e26b16 testClass = GiftCertificateDaoImplTest, testInstance = com.epam.esm.dao.impl.GiftCertificateDaoImplTest@36c75b73, testMethod = findByNameNegativeTest@GiftCertificateDaoImplTest, testException = [null], mergedContextConfiguration = [WebMergedContextConfiguration@509d1c2f testClass = GiftCertificateDaoImplTest, locations = '{}', classes = '{class com.epam.esm.configuration.TestConfiguration}', contextInitializerClasses = '[]', activeProfiles = '{}', propertySourceLocations = '{}', propertySourceProperties = '{org.springframework.boot.test.context.SpringBootTestContextBootstrapper=true}', contextCustomizers = set[org.springframework.boot.test.autoconfigure.actuate.metrics.MetricsExportContextCustomizerFactory$DisableMetricExportContextCustomizer@3f6f1964, org.springframework.boot.test.autoconfigure.properties.PropertyMappingContextCustomizer@0, org.springframework.boot.test.autoconfigure.web.servlet.WebDriverContextCustomizerFactory$Customizer@435cfc, org.springframework.boot.test.context.filter.ExcludeFilterContextCustomizer@93bf456, org.springframework.boot.test.json.DuplicateJsonObjectContextCustomizerFactory$DuplicateJsonObjectContextCustomizer@28013b3, org.springframework.boot.test.mock.mockito.MockitoContextCustomizer@0, org.springframework.boot.test.web.client.TestRestTemplateContextCustomizer@2d376923, org.springframework.boot.test.context.SpringBootTestArgs@1, org.springframework.boot.test.context.SpringBootTestWebEnvironment@59d29a0b], resourceBasePath = 'src/main/webapp', contextLoader = 'org.springframework.boot.test.context.SpringBootContextLoader', parent = [null]], attributes = map['org.springframework.test.context.web.ServletTestExecutionListener.activateListener' -> true, 'org.springframework.test.context.web.ServletTestExecutionListener.populatedRequestContextHolder' -> true, 'org.springframework.test.context.web.ServletTestExecutionListener.resetRequestContextHolder' -> true, 'org.springframework.test.context.event.ApplicationEventsTestExecutionListener.recordApplicationEvents' -> false]]; transaction manager [org.springframework.orm.jpa.JpaTransactionManager@3db82e28]; rollback [true]
Hibernate: select giftcertif0_.id as id1_0_, giftcertif0_.create_date as create_d2_0_, giftcertif0_.deleted as deleted3_0_, giftcertif0_.description as descript4_0_, giftcertif0_.duration as duration5_0_, giftcertif0_.last_update_date as last_upd6_0_, giftcertif0_.name as name7_0_, giftcertif0_.price as price8_0_ from gift_certificate giftcertif0_ where giftcertif0_.deleted=0 and giftcertif0_.name=?
2021-08-02 17:07:20.597  INFO 12932 --- [    Test worker] o.s.t.c.transaction.TransactionContext   : Rolled back transaction for test: [DefaultTestContext@60e26b16 testClass = GiftCertificateDaoImplTest, testInstance = com.epam.esm.dao.impl.GiftCertificateDaoImplTest@36c75b73, testMethod = findByNameNegativeTest@GiftCertificateDaoImplTest, testException = [null], mergedContextConfiguration = [WebMergedContextConfiguration@509d1c2f testClass = GiftCertificateDaoImplTest, locations = '{}', classes = '{class com.epam.esm.configuration.TestConfiguration}', contextInitializerClasses = '[]', activeProfiles = '{}', propertySourceLocations = '{}', propertySourceProperties = '{org.springframework.boot.test.context.SpringBootTestContextBootstrapper=true}', contextCustomizers = set[org.springframework.boot.test.autoconfigure.actuate.metrics.MetricsExportContextCustomizerFactory$DisableMetricExportContextCustomizer@3f6f1964, org.springframework.boot.test.autoconfigure.properties.PropertyMappingContextCustomizer@0, org.springframework.boot.test.autoconfigure.web.servlet.WebDriverContextCustomizerFactory$Customizer@435cfc, org.springframework.boot.test.context.filter.ExcludeFilterContextCustomizer@93bf456, org.springframework.boot.test.json.DuplicateJsonObjectContextCustomizerFactory$DuplicateJsonObjectContextCustomizer@28013b3, org.springframework.boot.test.mock.mockito.MockitoContextCustomizer@0, org.springframework.boot.test.web.client.TestRestTemplateContextCustomizer@2d376923, org.springframework.boot.test.context.SpringBootTestArgs@1, org.springframework.boot.test.context.SpringBootTestWebEnvironment@59d29a0b], resourceBasePath = 'src/main/webapp', contextLoader = 'org.springframework.boot.test.context.SpringBootContextLoader', parent = [null]], attributes = map['org.springframework.test.context.web.ServletTestExecutionListener.activateListener' -> true, 'org.springframework.test.context.web.ServletTestExecutionListener.populatedRequestContextHolder' -> true, 'org.springframework.test.context.web.ServletTestExecutionListener.resetRequestContextHolder' -> true, 'org.springframework.test.context.event.ApplicationEventsTestExecutionListener.recordApplicationEvents' -> false]]
2021-08-02 17:07:20.604  INFO 12932 --- [    Test worker] o.s.t.c.transaction.TransactionContext   : Began transaction (1) for test context [DefaultTestContext@60e26b16 testClass = GiftCertificateDaoImplTest, testInstance = com.epam.esm.dao.impl.GiftCertificateDaoImplTest@5c38501, testMethod = deletePositiveTest@GiftCertificateDaoImplTest, testException = [null], mergedContextConfiguration = [WebMergedContextConfiguration@509d1c2f testClass = GiftCertificateDaoImplTest, locations = '{}', classes = '{class com.epam.esm.configuration.TestConfiguration}', contextInitializerClasses = '[]', activeProfiles = '{}', propertySourceLocations = '{}', propertySourceProperties = '{org.springframework.boot.test.context.SpringBootTestContextBootstrapper=true}', contextCustomizers = set[org.springframework.boot.test.autoconfigure.actuate.metrics.MetricsExportContextCustomizerFactory$DisableMetricExportContextCustomizer@3f6f1964, org.springframework.boot.test.autoconfigure.properties.PropertyMappingContextCustomizer@0, org.springframework.boot.test.autoconfigure.web.servlet.WebDriverContextCustomizerFactory$Customizer@435cfc, org.springframework.boot.test.context.filter.ExcludeFilterContextCustomizer@93bf456, org.springframework.boot.test.json.DuplicateJsonObjectContextCustomizerFactory$DuplicateJsonObjectContextCustomizer@28013b3, org.springframework.boot.test.mock.mockito.MockitoContextCustomizer@0, org.springframework.boot.test.web.client.TestRestTemplateContextCustomizer@2d376923, org.springframework.boot.test.context.SpringBootTestArgs@1, org.springframework.boot.test.context.SpringBootTestWebEnvironment@59d29a0b], resourceBasePath = 'src/main/webapp', contextLoader = 'org.springframework.boot.test.context.SpringBootContextLoader', parent = [null]], attributes = map['org.springframework.test.context.web.ServletTestExecutionListener.activateListener' -> true, 'org.springframework.test.context.web.ServletTestExecutionListener.populatedRequestContextHolder' -> true, 'org.springframework.test.context.web.ServletTestExecutionListener.resetRequestContextHolder' -> true, 'org.springframework.test.context.event.ApplicationEventsTestExecutionListener.recordApplicationEvents' -> false]]; transaction manager [org.springframework.orm.jpa.JpaTransactionManager@3db82e28]; rollback [true]
Hibernate: update gift_certificate set deleted=1 where id=? and deleted=0
2021-08-02 17:07:20.660  INFO 12932 --- [    Test worker] o.s.t.c.transaction.TransactionContext   : Rolled back transaction for test: [DefaultTestContext@60e26b16 testClass = GiftCertificateDaoImplTest, testInstance = com.epam.esm.dao.impl.GiftCertificateDaoImplTest@5c38501, testMethod = deletePositiveTest@GiftCertificateDaoImplTest, testException = [null], mergedContextConfiguration = [WebMergedContextConfiguration@509d1c2f testClass = GiftCertificateDaoImplTest, locations = '{}', classes = '{class com.epam.esm.configuration.TestConfiguration}', contextInitializerClasses = '[]', activeProfiles = '{}', propertySourceLocations = '{}', propertySourceProperties = '{org.springframework.boot.test.context.SpringBootTestContextBootstrapper=true}', contextCustomizers = set[org.springframework.boot.test.autoconfigure.actuate.metrics.MetricsExportContextCustomizerFactory$DisableMetricExportContextCustomizer@3f6f1964, org.springframework.boot.test.autoconfigure.properties.PropertyMappingContextCustomizer@0, org.springframework.boot.test.autoconfigure.web.servlet.WebDriverContextCustomizerFactory$Customizer@435cfc, org.springframework.boot.test.context.filter.ExcludeFilterContextCustomizer@93bf456, org.springframework.boot.test.json.DuplicateJsonObjectContextCustomizerFactory$DuplicateJsonObjectContextCustomizer@28013b3, org.springframework.boot.test.mock.mockito.MockitoContextCustomizer@0, org.springframework.boot.test.web.client.TestRestTemplateContextCustomizer@2d376923, org.springframework.boot.test.context.SpringBootTestArgs@1, org.springframework.boot.test.context.SpringBootTestWebEnvironment@59d29a0b], resourceBasePath = 'src/main/webapp', contextLoader = 'org.springframework.boot.test.context.SpringBootContextLoader', parent = [null]], attributes = map['org.springframework.test.context.web.ServletTestExecutionListener.activateListener' -> true, 'org.springframework.test.context.web.ServletTestExecutionListener.populatedRequestContextHolder' -> true, 'org.springframework.test.context.web.ServletTestExecutionListener.resetRequestContextHolder' -> true, 'org.springframework.test.context.event.ApplicationEventsTestExecutionListener.recordApplicationEvents' -> false]]
2021-08-02 17:07:20.681  INFO 12932 --- [    Test worker] o.s.t.c.transaction.TransactionContext   : Began transaction (1) for test context [DefaultTestContext@60e26b16 testClass = GiftCertificateDaoImplTest, testInstance = com.epam.esm.dao.impl.GiftCertificateDaoImplTest@680fa8e3, testMethod = deleteNegativeTest@GiftCertificateDaoImplTest, testException = [null], mergedContextConfiguration = [WebMergedContextConfiguration@509d1c2f testClass = GiftCertificateDaoImplTest, locations = '{}', classes = '{class com.epam.esm.configuration.TestConfiguration}', contextInitializerClasses = '[]', activeProfiles = '{}', propertySourceLocations = '{}', propertySourceProperties = '{org.springframework.boot.test.context.SpringBootTestContextBootstrapper=true}', contextCustomizers = set[org.springframework.boot.test.autoconfigure.actuate.metrics.MetricsExportContextCustomizerFactory$DisableMetricExportContextCustomizer@3f6f1964, org.springframework.boot.test.autoconfigure.properties.PropertyMappingContextCustomizer@0, org.springframework.boot.test.autoconfigure.web.servlet.WebDriverContextCustomizerFactory$Customizer@435cfc, org.springframework.boot.test.context.filter.ExcludeFilterContextCustomizer@93bf456, org.springframework.boot.test.json.DuplicateJsonObjectContextCustomizerFactory$DuplicateJsonObjectContextCustomizer@28013b3, org.springframework.boot.test.mock.mockito.MockitoContextCustomizer@0, org.springframework.boot.test.web.client.TestRestTemplateContextCustomizer@2d376923, org.springframework.boot.test.context.SpringBootTestArgs@1, org.springframework.boot.test.context.SpringBootTestWebEnvironment@59d29a0b], resourceBasePath = 'src/main/webapp', contextLoader = 'org.springframework.boot.test.context.SpringBootContextLoader', parent = [null]], attributes = map['org.springframework.test.context.web.ServletTestExecutionListener.activateListener' -> true, 'org.springframework.test.context.web.ServletTestExecutionListener.populatedRequestContextHolder' -> true, 'org.springframework.test.context.web.ServletTestExecutionListener.resetRequestContextHolder' -> true, 'org.springframework.test.context.event.ApplicationEventsTestExecutionListener.recordApplicationEvents' -> false]]; transaction manager [org.springframework.orm.jpa.JpaTransactionManager@3db82e28]; rollback [true]
Hibernate: update gift_certificate set deleted=1 where id=? and deleted=0
2021-08-02 17:07:20.697  INFO 12932 --- [    Test worker] o.s.t.c.transaction.TransactionContext   : Rolled back transaction for test: [DefaultTestContext@60e26b16 testClass = GiftCertificateDaoImplTest, testInstance = com.epam.esm.dao.impl.GiftCertificateDaoImplTest@680fa8e3, testMethod = deleteNegativeTest@GiftCertificateDaoImplTest, testException = [null], mergedContextConfiguration = [WebMergedContextConfiguration@509d1c2f testClass = GiftCertificateDaoImplTest, locations = '{}', classes = '{class com.epam.esm.configuration.TestConfiguration}', contextInitializerClasses = '[]', activeProfiles = '{}', propertySourceLocations = '{}', propertySourceProperties = '{org.springframework.boot.test.context.SpringBootTestContextBootstrapper=true}', contextCustomizers = set[org.springframework.boot.test.autoconfigure.actuate.metrics.MetricsExportContextCustomizerFactory$DisableMetricExportContextCustomizer@3f6f1964, org.springframework.boot.test.autoconfigure.properties.PropertyMappingContextCustomizer@0, org.springframework.boot.test.autoconfigure.web.servlet.WebDriverContextCustomizerFactory$Customizer@435cfc, org.springframework.boot.test.context.filter.ExcludeFilterContextCustomizer@93bf456, org.springframework.boot.test.json.DuplicateJsonObjectContextCustomizerFactory$DuplicateJsonObjectContextCustomizer@28013b3, org.springframework.boot.test.mock.mockito.MockitoContextCustomizer@0, org.springframework.boot.test.web.client.TestRestTemplateContextCustomizer@2d376923, org.springframework.boot.test.context.SpringBootTestArgs@1, org.springframework.boot.test.context.SpringBootTestWebEnvironment@59d29a0b], resourceBasePath = 'src/main/webapp', contextLoader = 'org.springframework.boot.test.context.SpringBootContextLoader', parent = [null]], attributes = map['org.springframework.test.context.web.ServletTestExecutionListener.activateListener' -> true, 'org.springframework.test.context.web.ServletTestExecutionListener.populatedRequestContextHolder' -> true, 'org.springframework.test.context.web.ServletTestExecutionListener.resetRequestContextHolder' -> true, 'org.springframework.test.context.event.ApplicationEventsTestExecutionListener.recordApplicationEvents' -> false]]
2021-08-02 17:07:20.711  INFO 12932 --- [    Test worker] o.s.t.c.transaction.TransactionContext   : Began transaction (1) for test context [DefaultTestContext@60e26b16 testClass = GiftCertificateDaoImplTest, testInstance = com.epam.esm.dao.impl.GiftCertificateDaoImplTest@29fd0a85, testMethod = findByIdPositiveTest@GiftCertificateDaoImplTest, testException = [null], mergedContextConfiguration = [WebMergedContextConfiguration@509d1c2f testClass = GiftCertificateDaoImplTest, locations = '{}', classes = '{class com.epam.esm.configuration.TestConfiguration}', contextInitializerClasses = '[]', activeProfiles = '{}', propertySourceLocations = '{}', propertySourceProperties = '{org.springframework.boot.test.context.SpringBootTestContextBootstrapper=true}', contextCustomizers = set[org.springframework.boot.test.autoconfigure.actuate.metrics.MetricsExportContextCustomizerFactory$DisableMetricExportContextCustomizer@3f6f1964, org.springframework.boot.test.autoconfigure.properties.PropertyMappingContextCustomizer@0, org.springframework.boot.test.autoconfigure.web.servlet.WebDriverContextCustomizerFactory$Customizer@435cfc, org.springframework.boot.test.context.filter.ExcludeFilterContextCustomizer@93bf456, org.springframework.boot.test.json.DuplicateJsonObjectContextCustomizerFactory$DuplicateJsonObjectContextCustomizer@28013b3, org.springframework.boot.test.mock.mockito.MockitoContextCustomizer@0, org.springframework.boot.test.web.client.TestRestTemplateContextCustomizer@2d376923, org.springframework.boot.test.context.SpringBootTestArgs@1, org.springframework.boot.test.context.SpringBootTestWebEnvironment@59d29a0b], resourceBasePath = 'src/main/webapp', contextLoader = 'org.springframework.boot.test.context.SpringBootContextLoader', parent = [null]], attributes = map['org.springframework.test.context.web.ServletTestExecutionListener.activateListener' -> true, 'org.springframework.test.context.web.ServletTestExecutionListener.populatedRequestContextHolder' -> true, 'org.springframework.test.context.web.ServletTestExecutionListener.resetRequestContextHolder' -> true, 'org.springframework.test.context.event.ApplicationEventsTestExecutionListener.recordApplicationEvents' -> false]]; transaction manager [org.springframework.orm.jpa.JpaTransactionManager@3db82e28]; rollback [true]
Hibernate: select giftcertif0_.id as id1_0_, giftcertif0_.create_date as create_d2_0_, giftcertif0_.deleted as deleted3_0_, giftcertif0_.description as descript4_0_, giftcertif0_.duration as duration5_0_, giftcertif0_.last_update_date as last_upd6_0_, giftcertif0_.name as name7_0_, giftcertif0_.price as price8_0_ from gift_certificate giftcertif0_ where giftcertif0_.deleted=0 and giftcertif0_.id=?
Hibernate: select tags0_.gift_certificate_id as gift_cer1_1_0_, tags0_.tag_id as tag_id2_1_0_, tag1_.id as id1_4_1_, tag1_.deleted as deleted2_4_1_, tag1_.name as name3_4_1_ from gift_certificate_tag_connection tags0_ inner join tag tag1_ on tags0_.tag_id=tag1_.id and ( tag1_.deleted = 0) where tags0_.gift_certificate_id=?
2021-08-02 17:07:20.750  INFO 12932 --- [    Test worker] o.s.t.c.transaction.TransactionContext   : Rolled back transaction for test: [DefaultTestContext@60e26b16 testClass = GiftCertificateDaoImplTest, testInstance = com.epam.esm.dao.impl.GiftCertificateDaoImplTest@29fd0a85, testMethod = findByIdPositiveTest@GiftCertificateDaoImplTest, testException = [null], mergedContextConfiguration = [WebMergedContextConfiguration@509d1c2f testClass = GiftCertificateDaoImplTest, locations = '{}', classes = '{class com.epam.esm.configuration.TestConfiguration}', contextInitializerClasses = '[]', activeProfiles = '{}', propertySourceLocations = '{}', propertySourceProperties = '{org.springframework.boot.test.context.SpringBootTestContextBootstrapper=true}', contextCustomizers = set[org.springframework.boot.test.autoconfigure.actuate.metrics.MetricsExportContextCustomizerFactory$DisableMetricExportContextCustomizer@3f6f1964, org.springframework.boot.test.autoconfigure.properties.PropertyMappingContextCustomizer@0, org.springframework.boot.test.autoconfigure.web.servlet.WebDriverContextCustomizerFactory$Customizer@435cfc, org.springframework.boot.test.context.filter.ExcludeFilterContextCustomizer@93bf456, org.springframework.boot.test.json.DuplicateJsonObjectContextCustomizerFactory$DuplicateJsonObjectContextCustomizer@28013b3, org.springframework.boot.test.mock.mockito.MockitoContextCustomizer@0, org.springframework.boot.test.web.client.TestRestTemplateContextCustomizer@2d376923, org.springframework.boot.test.context.SpringBootTestArgs@1, org.springframework.boot.test.context.SpringBootTestWebEnvironment@59d29a0b], resourceBasePath = 'src/main/webapp', contextLoader = 'org.springframework.boot.test.context.SpringBootContextLoader', parent = [null]], attributes = map['org.springframework.test.context.web.ServletTestExecutionListener.activateListener' -> true, 'org.springframework.test.context.web.ServletTestExecutionListener.populatedRequestContextHolder' -> true, 'org.springframework.test.context.web.ServletTestExecutionListener.resetRequestContextHolder' -> true, 'org.springframework.test.context.event.ApplicationEventsTestExecutionListener.recordApplicationEvents' -> false]]
2021-08-02 17:07:20.760  INFO 12932 --- [    Test worker] o.s.t.c.transaction.TransactionContext   : Began transaction (1) for test context [DefaultTestContext@60e26b16 testClass = GiftCertificateDaoImplTest, testInstance = com.epam.esm.dao.impl.GiftCertificateDaoImplTest@3f258c5c, testMethod = findByIdNegativeTest@GiftCertificateDaoImplTest, testException = [null], mergedContextConfiguration = [WebMergedContextConfiguration@509d1c2f testClass = GiftCertificateDaoImplTest, locations = '{}', classes = '{class com.epam.esm.configuration.TestConfiguration}', contextInitializerClasses = '[]', activeProfiles = '{}', propertySourceLocations = '{}', propertySourceProperties = '{org.springframework.boot.test.context.SpringBootTestContextBootstrapper=true}', contextCustomizers = set[org.springframework.boot.test.autoconfigure.actuate.metrics.MetricsExportContextCustomizerFactory$DisableMetricExportContextCustomizer@3f6f1964, org.springframework.boot.test.autoconfigure.properties.PropertyMappingContextCustomizer@0, org.springframework.boot.test.autoconfigure.web.servlet.WebDriverContextCustomizerFactory$Customizer@435cfc, org.springframework.boot.test.context.filter.ExcludeFilterContextCustomizer@93bf456, org.springframework.boot.test.json.DuplicateJsonObjectContextCustomizerFactory$DuplicateJsonObjectContextCustomizer@28013b3, org.springframework.boot.test.mock.mockito.MockitoContextCustomizer@0, org.springframework.boot.test.web.client.TestRestTemplateContextCustomizer@2d376923, org.springframework.boot.test.context.SpringBootTestArgs@1, org.springframework.boot.test.context.SpringBootTestWebEnvironment@59d29a0b], resourceBasePath = 'src/main/webapp', contextLoader = 'org.springframework.boot.test.context.SpringBootContextLoader', parent = [null]], attributes = map['org.springframework.test.context.web.ServletTestExecutionListener.activateListener' -> true, 'org.springframework.test.context.web.ServletTestExecutionListener.populatedRequestContextHolder' -> true, 'org.springframework.test.context.web.ServletTestExecutionListener.resetRequestContextHolder' -> true, 'org.springframework.test.context.event.ApplicationEventsTestExecutionListener.recordApplicationEvents' -> false]]; transaction manager [org.springframework.orm.jpa.JpaTransactionManager@3db82e28]; rollback [true]
Hibernate: select giftcertif0_.id as id1_0_, giftcertif0_.create_date as create_d2_0_, giftcertif0_.deleted as deleted3_0_, giftcertif0_.description as descript4_0_, giftcertif0_.duration as duration5_0_, giftcertif0_.last_update_date as last_upd6_0_, giftcertif0_.name as name7_0_, giftcertif0_.price as price8_0_ from gift_certificate giftcertif0_ where giftcertif0_.deleted=0 and giftcertif0_.id=?
2021-08-02 17:07:20.773  INFO 12932 --- [    Test worker] o.s.t.c.transaction.TransactionContext   : Rolled back transaction for test: [DefaultTestContext@60e26b16 testClass = GiftCertificateDaoImplTest, testInstance = com.epam.esm.dao.impl.GiftCertificateDaoImplTest@3f258c5c, testMethod = findByIdNegativeTest@GiftCertificateDaoImplTest, testException = [null], mergedContextConfiguration = [WebMergedContextConfiguration@509d1c2f testClass = GiftCertificateDaoImplTest, locations = '{}', classes = '{class com.epam.esm.configuration.TestConfiguration}', contextInitializerClasses = '[]', activeProfiles = '{}', propertySourceLocations = '{}', propertySourceProperties = '{org.springframework.boot.test.context.SpringBootTestContextBootstrapper=true}', contextCustomizers = set[org.springframework.boot.test.autoconfigure.actuate.metrics.MetricsExportContextCustomizerFactory$DisableMetricExportContextCustomizer@3f6f1964, org.springframework.boot.test.autoconfigure.properties.PropertyMappingContextCustomizer@0, org.springframework.boot.test.autoconfigure.web.servlet.WebDriverContextCustomizerFactory$Customizer@435cfc, org.springframework.boot.test.context.filter.ExcludeFilterContextCustomizer@93bf456, org.springframework.boot.test.json.DuplicateJsonObjectContextCustomizerFactory$DuplicateJsonObjectContextCustomizer@28013b3, org.springframework.boot.test.mock.mockito.MockitoContextCustomizer@0, org.springframework.boot.test.web.client.TestRestTemplateContextCustomizer@2d376923, org.springframework.boot.test.context.SpringBootTestArgs@1, org.springframework.boot.test.context.SpringBootTestWebEnvironment@59d29a0b], resourceBasePath = 'src/main/webapp', contextLoader = 'org.springframework.boot.test.context.SpringBootContextLoader', parent = [null]], attributes = map['org.springframework.test.context.web.ServletTestExecutionListener.activateListener' -> true, 'org.springframework.test.context.web.ServletTestExecutionListener.populatedRequestContextHolder' -> true, 'org.springframework.test.context.web.ServletTestExecutionListener.resetRequestContextHolder' -> true, 'org.springframework.test.context.event.ApplicationEventsTestExecutionListener.recordApplicationEvents' -> false]]
2021-08-02 17:07:20.781  INFO 12932 --- [    Test worker] o.s.t.c.transaction.TransactionContext   : Began transaction (1) for test context [DefaultTestContext@60e26b16 testClass = GiftCertificateDaoImplTest, testInstance = com.epam.esm.dao.impl.GiftCertificateDaoImplTest@463c4c32, testMethod = findBySearchParametersPositiveTest@GiftCertificateDaoImplTest, testException = [null], mergedContextConfiguration = [WebMergedContextConfiguration@509d1c2f testClass = GiftCertificateDaoImplTest, locations = '{}', classes = '{class com.epam.esm.configuration.TestConfiguration}', contextInitializerClasses = '[]', activeProfiles = '{}', propertySourceLocations = '{}', propertySourceProperties = '{org.springframework.boot.test.context.SpringBootTestContextBootstrapper=true}', contextCustomizers = set[org.springframework.boot.test.autoconfigure.actuate.metrics.MetricsExportContextCustomizerFactory$DisableMetricExportContextCustomizer@3f6f1964, org.springframework.boot.test.autoconfigure.properties.PropertyMappingContextCustomizer@0, org.springframework.boot.test.autoconfigure.web.servlet.WebDriverContextCustomizerFactory$Customizer@435cfc, org.springframework.boot.test.context.filter.ExcludeFilterContextCustomizer@93bf456, org.springframework.boot.test.json.DuplicateJsonObjectContextCustomizerFactory$DuplicateJsonObjectContextCustomizer@28013b3, org.springframework.boot.test.mock.mockito.MockitoContextCustomizer@0, org.springframework.boot.test.web.client.TestRestTemplateContextCustomizer@2d376923, org.springframework.boot.test.context.SpringBootTestArgs@1, org.springframework.boot.test.context.SpringBootTestWebEnvironment@59d29a0b], resourceBasePath = 'src/main/webapp', contextLoader = 'org.springframework.boot.test.context.SpringBootContextLoader', parent = [null]], attributes = map['org.springframework.test.context.web.ServletTestExecutionListener.activateListener' -> true, 'org.springframework.test.context.web.ServletTestExecutionListener.populatedRequestContextHolder' -> true, 'org.springframework.test.context.web.ServletTestExecutionListener.resetRequestContextHolder' -> true, 'org.springframework.test.context.event.ApplicationEventsTestExecutionListener.recordApplicationEvents' -> false]]; transaction manager [org.springframework.orm.jpa.JpaTransactionManager@3db82e28]; rollback [true]
Hibernate: select giftcertif0_.id as id1_0_, giftcertif0_.create_date as create_d2_0_, giftcertif0_.deleted as deleted3_0_, giftcertif0_.description as descript4_0_, giftcertif0_.duration as duration5_0_, giftcertif0_.last_update_date as last_upd6_0_, giftcertif0_.name as name7_0_, giftcertif0_.price as price8_0_ from gift_certificate giftcertif0_ where giftcertif0_.deleted=? and (giftcertif0_.description like ? or giftcertif0_.name like ?) limit ? offset ?
2021-08-02 17:07:20.918  INFO 12932 --- [    Test worker] o.s.t.c.transaction.TransactionContext   : Rolled back transaction for test: [DefaultTestContext@60e26b16 testClass = GiftCertificateDaoImplTest, testInstance = com.epam.esm.dao.impl.GiftCertificateDaoImplTest@463c4c32, testMethod = findBySearchParametersPositiveTest@GiftCertificateDaoImplTest, testException = [null], mergedContextConfiguration = [WebMergedContextConfiguration@509d1c2f testClass = GiftCertificateDaoImplTest, locations = '{}', classes = '{class com.epam.esm.configuration.TestConfiguration}', contextInitializerClasses = '[]', activeProfiles = '{}', propertySourceLocations = '{}', propertySourceProperties = '{org.springframework.boot.test.context.SpringBootTestContextBootstrapper=true}', contextCustomizers = set[org.springframework.boot.test.autoconfigure.actuate.metrics.MetricsExportContextCustomizerFactory$DisableMetricExportContextCustomizer@3f6f1964, org.springframework.boot.test.autoconfigure.properties.PropertyMappingContextCustomizer@0, org.springframework.boot.test.autoconfigure.web.servlet.WebDriverContextCustomizerFactory$Customizer@435cfc, org.springframework.boot.test.context.filter.ExcludeFilterContextCustomizer@93bf456, org.springframework.boot.test.json.DuplicateJsonObjectContextCustomizerFactory$DuplicateJsonObjectContextCustomizer@28013b3, org.springframework.boot.test.mock.mockito.MockitoContextCustomizer@0, org.springframework.boot.test.web.client.TestRestTemplateContextCustomizer@2d376923, org.springframework.boot.test.context.SpringBootTestArgs@1, org.springframework.boot.test.context.SpringBootTestWebEnvironment@59d29a0b], resourceBasePath = 'src/main/webapp', contextLoader = 'org.springframework.boot.test.context.SpringBootContextLoader', parent = [null]], attributes = map['org.springframework.test.context.web.ServletTestExecutionListener.activateListener' -> true, 'org.springframework.test.context.web.ServletTestExecutionListener.populatedRequestContextHolder' -> true, 'org.springframework.test.context.web.ServletTestExecutionListener.resetRequestContextHolder' -> true, 'org.springframework.test.context.event.ApplicationEventsTestExecutionListener.recordApplicationEvents' -> false]]
2021-08-02 17:07:20.925  INFO 12932 --- [    Test worker] o.s.t.c.transaction.TransactionContext   : Began transaction (1) for test context [DefaultTestContext@60e26b16 testClass = GiftCertificateDaoImplTest, testInstance = com.epam.esm.dao.impl.GiftCertificateDaoImplTest@722b1524, testMethod = findBySearchParametersNegativeTest@GiftCertificateDaoImplTest, testException = [null], mergedContextConfiguration = [WebMergedContextConfiguration@509d1c2f testClass = GiftCertificateDaoImplTest, locations = '{}', classes = '{class com.epam.esm.configuration.TestConfiguration}', contextInitializerClasses = '[]', activeProfiles = '{}', propertySourceLocations = '{}', propertySourceProperties = '{org.springframework.boot.test.context.SpringBootTestContextBootstrapper=true}', contextCustomizers = set[org.springframework.boot.test.autoconfigure.actuate.metrics.MetricsExportContextCustomizerFactory$DisableMetricExportContextCustomizer@3f6f1964, org.springframework.boot.test.autoconfigure.properties.PropertyMappingContextCustomizer@0, org.springframework.boot.test.autoconfigure.web.servlet.WebDriverContextCustomizerFactory$Customizer@435cfc, org.springframework.boot.test.context.filter.ExcludeFilterContextCustomizer@93bf456, org.springframework.boot.test.json.DuplicateJsonObjectContextCustomizerFactory$DuplicateJsonObjectContextCustomizer@28013b3, org.springframework.boot.test.mock.mockito.MockitoContextCustomizer@0, org.springframework.boot.test.web.client.TestRestTemplateContextCustomizer@2d376923, org.springframework.boot.test.context.SpringBootTestArgs@1, org.springframework.boot.test.context.SpringBootTestWebEnvironment@59d29a0b], resourceBasePath = 'src/main/webapp', contextLoader = 'org.springframework.boot.test.context.SpringBootContextLoader', parent = [null]], attributes = map['org.springframework.test.context.web.ServletTestExecutionListener.activateListener' -> true, 'org.springframework.test.context.web.ServletTestExecutionListener.populatedRequestContextHolder' -> true, 'org.springframework.test.context.web.ServletTestExecutionListener.resetRequestContextHolder' -> true, 'org.springframework.test.context.event.ApplicationEventsTestExecutionListener.recordApplicationEvents' -> false]]; transaction manager [org.springframework.orm.jpa.JpaTransactionManager@3db82e28]; rollback [true]
Hibernate: select giftcertif0_.id as id1_0_, giftcertif0_.create_date as create_d2_0_, giftcertif0_.deleted as deleted3_0_, giftcertif0_.description as descript4_0_, giftcertif0_.duration as duration5_0_, giftcertif0_.last_update_date as last_upd6_0_, giftcertif0_.name as name7_0_, giftcertif0_.price as price8_0_ from gift_certificate giftcertif0_ inner join gift_certificate_tag_connection tags1_ on giftcertif0_.id=tags1_.gift_certificate_id inner join tag tag2_ on tags1_.tag_id=tag2_.id and ( tag2_.deleted = 0) where giftcertif0_.deleted=? and tag2_.name=? and (giftcertif0_.description like ? or giftcertif0_.name like ?) limit ? offset ?
2021-08-02 17:07:20.965  INFO 12932 --- [    Test worker] o.s.t.c.transaction.TransactionContext   : Rolled back transaction for test: [DefaultTestContext@60e26b16 testClass = GiftCertificateDaoImplTest, testInstance = com.epam.esm.dao.impl.GiftCertificateDaoImplTest@722b1524, testMethod = findBySearchParametersNegativeTest@GiftCertificateDaoImplTest, testException = [null], mergedContextConfiguration = [WebMergedContextConfiguration@509d1c2f testClass = GiftCertificateDaoImplTest, locations = '{}', classes = '{class com.epam.esm.configuration.TestConfiguration}', contextInitializerClasses = '[]', activeProfiles = '{}', propertySourceLocations = '{}', propertySourceProperties = '{org.springframework.boot.test.context.SpringBootTestContextBootstrapper=true}', contextCustomizers = set[org.springframework.boot.test.autoconfigure.actuate.metrics.MetricsExportContextCustomizerFactory$DisableMetricExportContextCustomizer@3f6f1964, org.springframework.boot.test.autoconfigure.properties.PropertyMappingContextCustomizer@0, org.springframework.boot.test.autoconfigure.web.servlet.WebDriverContextCustomizerFactory$Customizer@435cfc, org.springframework.boot.test.context.filter.ExcludeFilterContextCustomizer@93bf456, org.springframework.boot.test.json.DuplicateJsonObjectContextCustomizerFactory$DuplicateJsonObjectContextCustomizer@28013b3, org.springframework.boot.test.mock.mockito.MockitoContextCustomizer@0, org.springframework.boot.test.web.client.TestRestTemplateContextCustomizer@2d376923, org.springframework.boot.test.context.SpringBootTestArgs@1, org.springframework.boot.test.context.SpringBootTestWebEnvironment@59d29a0b], resourceBasePath = 'src/main/webapp', contextLoader = 'org.springframework.boot.test.context.SpringBootContextLoader', parent = [null]], attributes = map['org.springframework.test.context.web.ServletTestExecutionListener.activateListener' -> true, 'org.springframework.test.context.web.ServletTestExecutionListener.populatedRequestContextHolder' -> true, 'org.springframework.test.context.web.ServletTestExecutionListener.resetRequestContextHolder' -> true, 'org.springframework.test.context.event.ApplicationEventsTestExecutionListener.recordApplicationEvents' -> false]]
2021-08-02 17:07:20.972  INFO 12932 --- [    Test worker] o.s.t.c.transaction.TransactionContext   : Began transaction (1) for test context [DefaultTestContext@60e26b16 testClass = GiftCertificateDaoImplTest, testInstance = com.epam.esm.dao.impl.GiftCertificateDaoImplTest@42dd35c2, testMethod = updateThrowDataIntegrityViolationExceptionTest@GiftCertificateDaoImplTest, testException = [null], mergedContextConfiguration = [WebMergedContextConfiguration@509d1c2f testClass = GiftCertificateDaoImplTest, locations = '{}', classes = '{class com.epam.esm.configuration.TestConfiguration}', contextInitializerClasses = '[]', activeProfiles = '{}', propertySourceLocations = '{}', propertySourceProperties = '{org.springframework.boot.test.context.SpringBootTestContextBootstrapper=true}', contextCustomizers = set[org.springframework.boot.test.autoconfigure.actuate.metrics.MetricsExportContextCustomizerFactory$DisableMetricExportContextCustomizer@3f6f1964, org.springframework.boot.test.autoconfigure.properties.PropertyMappingContextCustomizer@0, org.springframework.boot.test.autoconfigure.web.servlet.WebDriverContextCustomizerFactory$Customizer@435cfc, org.springframework.boot.test.context.filter.ExcludeFilterContextCustomizer@93bf456, org.springframework.boot.test.json.DuplicateJsonObjectContextCustomizerFactory$DuplicateJsonObjectContextCustomizer@28013b3, org.springframework.boot.test.mock.mockito.MockitoContextCustomizer@0, org.springframework.boot.test.web.client.TestRestTemplateContextCustomizer@2d376923, org.springframework.boot.test.context.SpringBootTestArgs@1, org.springframework.boot.test.context.SpringBootTestWebEnvironment@59d29a0b], resourceBasePath = 'src/main/webapp', contextLoader = 'org.springframework.boot.test.context.SpringBootContextLoader', parent = [null]], attributes = map['org.springframework.test.context.web.ServletTestExecutionListener.activateListener' -> true, 'org.springframework.test.context.web.ServletTestExecutionListener.populatedRequestContextHolder' -> true, 'org.springframework.test.context.web.ServletTestExecutionListener.resetRequestContextHolder' -> true, 'org.springframework.test.context.event.ApplicationEventsTestExecutionListener.recordApplicationEvents' -> false]]; transaction manager [org.springframework.orm.jpa.JpaTransactionManager@3db82e28]; rollback [true]
Hibernate: select giftcertif0_.id as id1_0_0_, giftcertif0_.create_date as create_d2_0_0_, giftcertif0_.deleted as deleted3_0_0_, giftcertif0_.description as descript4_0_0_, giftcertif0_.duration as duration5_0_0_, giftcertif0_.last_update_date as last_upd6_0_0_, giftcertif0_.name as name7_0_0_, giftcertif0_.price as price8_0_0_ from gift_certificate giftcertif0_ where giftcertif0_.id=?
Hibernate: update gift_certificate set create_date=?, deleted=?, description=?, duration=?, last_update_date=?, name=?, price=? where id=?
2021-08-02 17:07:21.067  WARN 12932 --- [    Test worker] o.h.engine.jdbc.spi.SqlExceptionHelper   : SQL Error: 22001, SQLState: 22001
2021-08-02 17:07:21.067 ERROR 12932 --- [    Test worker] o.h.engine.jdbc.spi.SqlExceptionHelper   : ???????? ??????? ??????? ??? ???? "NAME VARCHAR(100)": "'XXXXXXXXXXXXXXXXXXXXXXXXXXXXXXXXXXXXXXXXXXXXXXXXXXXXXXXXXXXXXXXXXXXXXXXXXXXXXXXXXXXXXXXXXXXXXXXXXXXXXXXXXXXXXXXXXXXXXXXXXXXXXXX... (161)"
Value too long for column "NAME VARCHAR(100)": "'XXXXXXXXXXXXXXXXXXXXXXXXXXXXXXXXXXXXXXXXXXXXXXXXXXXXXXXXXXXXXXXXXXXXXXXXXXXXXXXXXXXXXXXXXXXXXXXXXXXXXXXXXXXXXXXXXXXXXXXXXXXXXXX... (161)"; SQL statement:
update gift_certificate set create_date=?, deleted=?, description=?, duration=?, last_update_date=?, name=?, price=? where id=? [22001-200]
2021-08-02 17:07:21.098  INFO 12932 --- [    Test worker] o.s.t.c.transaction.TransactionContext   : Rolled back transaction for test: [DefaultTestContext@60e26b16 testClass = GiftCertificateDaoImplTest, testInstance = com.epam.esm.dao.impl.GiftCertificateDaoImplTest@42dd35c2, testMethod = updateThrowDataIntegrityViolationExceptionTest@GiftCertificateDaoImplTest, testException = [null], mergedContextConfiguration = [WebMergedContextConfiguration@509d1c2f testClass = GiftCertificateDaoImplTest, locations = '{}', classes = '{class com.epam.esm.configuration.TestConfiguration}', contextInitializerClasses = '[]', activeProfiles = '{}', propertySourceLocations = '{}', propertySourceProperties = '{org.springframework.boot.test.context.SpringBootTestContextBootstrapper=true}', contextCustomizers = set[org.springframework.boot.test.autoconfigure.actuate.metrics.MetricsExportContextCustomizerFactory$DisableMetricExportContextCustomizer@3f6f1964, org.springframework.boot.test.autoconfigure.properties.PropertyMappingContextCustomizer@0, org.springframework.boot.test.autoconfigure.web.servlet.WebDriverContextCustomizerFactory$Customizer@435cfc, org.springframework.boot.test.context.filter.ExcludeFilterContextCustomizer@93bf456, org.springframework.boot.test.json.DuplicateJsonObjectContextCustomizerFactory$DuplicateJsonObjectContextCustomizer@28013b3, org.springframework.boot.test.mock.mockito.MockitoContextCustomizer@0, org.springframework.boot.test.web.client.TestRestTemplateContextCustomizer@2d376923, org.springframework.boot.test.context.SpringBootTestArgs@1, org.springframework.boot.test.context.SpringBootTestWebEnvironment@59d29a0b], resourceBasePath = 'src/main/webapp', contextLoader = 'org.springframework.boot.test.context.SpringBootContextLoader', parent = [null]], attributes = map['org.springframework.test.context.web.ServletTestExecutionListener.activateListener' -> true, 'org.springframework.test.context.web.ServletTestExecutionListener.populatedRequestContextHolder' -> true, 'org.springframework.test.context.web.ServletTestExecutionListener.resetRequestContextHolder' -> true, 'org.springframework.test.context.event.ApplicationEventsTestExecutionListener.recordApplicationEvents' -> false]]
2021-08-02 17:07:21.104  INFO 12932 --- [    Test worker] o.s.t.c.transaction.TransactionContext   : Began transaction (1) for test context [DefaultTestContext@60e26b16 testClass = GiftCertificateDaoImplTest, testInstance = com.epam.esm.dao.impl.GiftCertificateDaoImplTest@71508d58, testMethod = createThrowInvalidDataAccessApiUsageExceptionTest@GiftCertificateDaoImplTest, testException = [null], mergedContextConfiguration = [WebMergedContextConfiguration@509d1c2f testClass = GiftCertificateDaoImplTest, locations = '{}', classes = '{class com.epam.esm.configuration.TestConfiguration}', contextInitializerClasses = '[]', activeProfiles = '{}', propertySourceLocations = '{}', propertySourceProperties = '{org.springframework.boot.test.context.SpringBootTestContextBootstrapper=true}', contextCustomizers = set[org.springframework.boot.test.autoconfigure.actuate.metrics.MetricsExportContextCustomizerFactory$DisableMetricExportContextCustomizer@3f6f1964, org.springframework.boot.test.autoconfigure.properties.PropertyMappingContextCustomizer@0, org.springframework.boot.test.autoconfigure.web.servlet.WebDriverContextCustomizerFactory$Customizer@435cfc, org.springframework.boot.test.context.filter.ExcludeFilterContextCustomizer@93bf456, org.springframework.boot.test.json.DuplicateJsonObjectContextCustomizerFactory$DuplicateJsonObjectContextCustomizer@28013b3, org.springframework.boot.test.mock.mockito.MockitoContextCustomizer@0, org.springframework.boot.test.web.client.TestRestTemplateContextCustomizer@2d376923, org.springframework.boot.test.context.SpringBootTestArgs@1, org.springframework.boot.test.context.SpringBootTestWebEnvironment@59d29a0b], resourceBasePath = 'src/main/webapp', contextLoader = 'org.springframework.boot.test.context.SpringBootContextLoader', parent = [null]], attributes = map['org.springframework.test.context.web.ServletTestExecutionListener.activateListener' -> true, 'org.springframework.test.context.web.ServletTestExecutionListener.populatedRequestContextHolder' -> true, 'org.springframework.test.context.web.ServletTestExecutionListener.resetRequestContextHolder' -> true, 'org.springframework.test.context.event.ApplicationEventsTestExecutionListener.recordApplicationEvents' -> false]]; transaction manager [org.springframework.orm.jpa.JpaTransactionManager@3db82e28]; rollback [true]
2021-08-02 17:07:21.115  INFO 12932 --- [    Test worker] o.s.t.c.transaction.TransactionContext   : Rolled back transaction for test: [DefaultTestContext@60e26b16 testClass = GiftCertificateDaoImplTest, testInstance = com.epam.esm.dao.impl.GiftCertificateDaoImplTest@71508d58, testMethod = createThrowInvalidDataAccessApiUsageExceptionTest@GiftCertificateDaoImplTest, testException = [null], mergedContextConfiguration = [WebMergedContextConfiguration@509d1c2f testClass = GiftCertificateDaoImplTest, locations = '{}', classes = '{class com.epam.esm.configuration.TestConfiguration}', contextInitializerClasses = '[]', activeProfiles = '{}', propertySourceLocations = '{}', propertySourceProperties = '{org.springframework.boot.test.context.SpringBootTestContextBootstrapper=true}', contextCustomizers = set[org.springframework.boot.test.autoconfigure.actuate.metrics.MetricsExportContextCustomizerFactory$DisableMetricExportContextCustomizer@3f6f1964, org.springframework.boot.test.autoconfigure.properties.PropertyMappingContextCustomizer@0, org.springframework.boot.test.autoconfigure.web.servlet.WebDriverContextCustomizerFactory$Customizer@435cfc, org.springframework.boot.test.context.filter.ExcludeFilterContextCustomizer@93bf456, org.springframework.boot.test.json.DuplicateJsonObjectContextCustomizerFactory$DuplicateJsonObjectContextCustomizer@28013b3, org.springframework.boot.test.mock.mockito.MockitoContextCustomizer@0, org.springframework.boot.test.web.client.TestRestTemplateContextCustomizer@2d376923, org.springframework.boot.test.context.SpringBootTestArgs@1, org.springframework.boot.test.context.SpringBootTestWebEnvironment@59d29a0b], resourceBasePath = 'src/main/webapp', contextLoader = 'org.springframework.boot.test.context.SpringBootContextLoader', parent = [null]], attributes = map['org.springframework.test.context.web.ServletTestExecutionListener.activateListener' -> true, 'org.springframework.test.context.web.ServletTestExecutionListener.populatedRequestContextHolder' -> true, 'org.springframework.test.context.web.ServletTestExecutionListener.resetRequestContextHolder' -> true, 'org.springframework.test.context.event.ApplicationEventsTestExecutionListener.recordApplicationEvents' -> false]]
]]></system-out>
  <system-err><![CDATA[]]></system-err>
</testsuite>
